07.05.2018 22:50:05: 

07.05.2018 22:50:05: Aplicatia a fost deschisa
07.05.2018 22:50:05: Versiunea aplicatiei:
07.05.2018 22:50:05: -------------------
07.05.2018 22:50:05: ------1.8.0.14------
07.05.2018 22:50:05: -------------------
07.05.2018 22:50:08: Aplicatia a fost inchisa
15.05.2018 14:41:24: 

15.05.2018 14:41:24: Aplicatia a fost deschisa
15.05.2018 14:41:24: Versiunea aplicatiei:
15.05.2018 14:41:24: -------------------
15.05.2018 14:41:24: ------2.1.5.35------
15.05.2018 14:41:24: -------------------
15.05.2018 14:44:31: Fisierul C:\Users\Sabin\Documents\Visual Studio 2015\Projects\Aplicatie XLM BAC\Aplicatie XLM BAC\bin\Debug\5_43elevi.xml a fost deschis
15.05.2018 14:46:17: Pup-ups activate
15.05.2018 14:46:17: Pup-ups dezactivate
15.05.2018 14:46:30: Fisierul C:\Users\Sabin\Documents\Visual Studio 2015\Projects\Aplicatie XLM BAC\Aplicatie XLM BAC\bin\Debug\5_43elevi.xml a fost deschis
15.05.2018 14:46:35: Pup-ups activate
15.05.2018 14:46:35: Pup-ups dezactivate
15.05.2018 14:46:36: Pup-ups dezactivate
15.05.2018 14:46:36: Pup-ups activate
15.05.2018 14:46:43: A fost exportat fisierul copie in format HTML -> cu acelasi nume
15.05.2018 14:46:46: Tabelul a fost exportat ca fisier HTML
