23.09.2016 15:44:29: Aplicatia a fost deschisa.
23.09.2016 15:44:48: Aplicatia a fost deschisa.
23.09.2016 15:54:12: Aplicatia a fost deschisa.
23.09.2016 15:54:12: Versiunea aplicatiei:.
23.09.2016 15:54:12: ------------------.
23.09.2016 15:54:12: -----1.0.0.0-----.
23.09.2016 15:54:12: ------------------.
23.09.2016 15:55:37: Aplicatia a fost deschisa
23.09.2016 15:55:37: Versiunea aplicatiei:
23.09.2016 15:55:37: -------------------
23.09.2016 15:55:37: -----1.0.0.0-----
23.09.2016 15:55:37: -------------------
23.09.2016 16:36:18: Aplicatia a fost deschisa
23.09.2016 16:36:18: Versiunea aplicatiei:
23.09.2016 16:36:18: -------------------
23.09.2016 16:37:30: Aplicatia a fost deschisa
23.09.2016 16:37:30: Versiunea aplicatiei:
23.09.2016 16:37:30: -------------------
23.09.2016 16:37:30: -----1.0.0.0-----
23.09.2016 16:37:30: -------------------
23.09.2016 16:42:48: Aplicatia a fost deschisa
23.09.2016 16:42:48: Versiunea aplicatiei:
23.09.2016 16:42:48: -------------------
23.09.2016 16:42:48: -----1.7.5.11-----
23.09.2016 16:42:48: -------------------
23.09.2016 16:43:30: Aplicatia a fost deschisa
23.09.2016 16:43:30: Versiunea aplicatiei:
23.09.2016 16:43:30: -------------------
23.09.2016 16:43:30: -----1.7.5.11-----
23.09.2016 16:43:30: -------------------
23.09.2016 16:53:12: Aplicatia a fost deschisa
23.09.2016 16:53:12: Versiunea aplicatiei:
23.09.2016 16:53:12: -------------------
23.09.2016 16:53:12: ------1.7.5.11------
23.09.2016 16:53:12: -------------------
23.09.2016 16:54:02: Aplicatia a fost deschisa
23.09.2016 16:54:02: Versiunea aplicatiei:
23.09.2016 16:54:02: -------------------
23.09.2016 16:54:02: ------1.8.0.*------
23.09.2016 16:54:02: -------------------
23.09.2016 17:10:43: Aplicatia a fost deschisa
23.09.2016 17:10:43: Versiunea aplicatiei:
23.09.2016 17:10:43: -------------------
23.09.2016 17:10:43: ------1.8.0.11------
23.09.2016 17:10:43: -------------------
23.09.2016 17:15:29: Aplicatia a fost deschisa
23.09.2016 17:15:29: Versiunea aplicatiei:
23.09.2016 17:15:29: -------------------
23.09.2016 17:15:29: ------1.8.0.11------
23.09.2016 17:15:29: -------------------
23.09.2016 17:20:54: Aplicatia a fost deschisa
23.09.2016 17:20:54: Versiunea aplicatiei:
23.09.2016 17:20:54: -------------------
23.09.2016 17:20:54: ------1.8.6110.31225------
23.09.2016 17:20:54: -------------------
23.09.2016 17:21:29: Aplicatia a fost deschisa
23.09.2016 17:21:29: Versiunea aplicatiei:
23.09.2016 17:21:29: -------------------
23.09.2016 17:21:29: ------1.8.6110.31225------
23.09.2016 17:21:29: -------------------
23.09.2016 17:22:50: Aplicatia a fost deschisa
23.09.2016 17:22:50: Versiunea aplicatiei:
23.09.2016 17:22:50: -------------------
23.09.2016 17:22:50: ------1.8.0.31284------
23.09.2016 17:22:50: -------------------
23.09.2016 17:23:58: Aplicatia a fost deschisa
23.09.2016 17:23:58: Versiunea aplicatiei:
23.09.2016 17:23:58: -------------------
23.09.2016 17:23:58: ------1.8.0.31318------
23.09.2016 17:23:58: -------------------
23.09.2016 17:24:01: a fost adaugat
23.09.2016 17:24:02: a fost adaugat
23.09.2016 17:24:02: a fost adaugat
23.09.2016 17:24:03: a fost adaugat
23.09.2016 17:25:59: Aplicatia a fost deschisa
23.09.2016 17:25:59: Versiunea aplicatiei:
23.09.2016 17:25:59: -------------------
23.09.2016 17:25:59: ------1.8.0.31378------
23.09.2016 17:25:59: -------------------
23.09.2016 17:27:03: Aplicatia a fost deschisa
23.09.2016 17:27:03: Versiunea aplicatiei:
23.09.2016 17:27:03: -------------------
23.09.2016 17:27:03: ------1.8.0.*------
23.09.2016 17:27:03: -------------------
23.09.2016 17:33:32: Aplicatia a fost deschisa
23.09.2016 17:33:32: Versiunea aplicatiei:
23.09.2016 17:33:32: -------------------
23.09.2016 17:33:32: ------1.8.0.13------
23.09.2016 17:33:32: -------------------
23.09.2016 17:33:49: Aplicatia a fost deschisa
23.09.2016 17:33:49: Versiunea aplicatiei:
23.09.2016 17:33:49: -------------------
23.09.2016 17:33:49: ------1.8.0.135------
23.09.2016 17:33:49: -------------------
23.09.2016 17:34:06: Aplicatia a fost deschisa
23.09.2016 17:34:06: Versiunea aplicatiei:
23.09.2016 17:34:06: -------------------
23.09.2016 17:34:06: ------1.0.0.0------
23.09.2016 17:34:06: -------------------
23.09.2016 17:42:11: Aplicatia a fost deschisa
23.09.2016 17:42:11: Versiunea aplicatiei:
23.09.2016 17:42:11: -------------------
23.09.2016 17:42:11: ------1.8.0.13------
23.09.2016 17:42:11: -------------------
23.09.2016 17:42:24: Aplicatia a fost deschisa
23.09.2016 17:42:24: Versiunea aplicatiei:
23.09.2016 17:42:24: -------------------
23.09.2016 17:42:24: ------1.8.0.13------
23.09.2016 17:42:24: -------------------
23.09.2016 17:43:13: Aplicatia a fost deschisa
23.09.2016 17:43:13: Versiunea aplicatiei:
23.09.2016 17:43:13: -------------------
23.09.2016 17:43:13: ------1.8.0.13------
23.09.2016 17:43:13: -------------------
23.09.2016 17:43:32: Aplicatia a fost deschisa
23.09.2016 17:43:32: Versiunea aplicatiei:
23.09.2016 17:43:32: -------------------
23.09.2016 17:43:32: ------1.8.6110.31905------
23.09.2016 17:43:32: -------------------
23.09.2016 17:45:44: Aplicatia a fost deschisa
23.09.2016 17:45:44: Versiunea aplicatiei:
23.09.2016 17:45:44: -------------------
23.09.2016 17:45:44: ------1.8.0.14------
23.09.2016 17:45:44: -------------------
23.09.2016 17:47:40: Aplicatia a fost deschisa
23.09.2016 17:47:40: Versiunea aplicatiei:
23.09.2016 17:47:40: -------------------
23.09.2016 17:47:40: ------1.8.0.14------
23.09.2016 17:47:40: -------------------
23.09.2016 17:51:47: Aplicatia a fost deschisa
23.09.2016 17:51:47: Versiunea aplicatiei:
23.09.2016 17:51:47: -------------------
23.09.2016 17:51:47: ------1.8.0.14------
23.09.2016 17:51:47: -------------------
23.09.2016 17:52:43: Aplicatia a fost deschisa
23.09.2016 17:52:43: Versiunea aplicatiei:
23.09.2016 17:52:43: -------------------
23.09.2016 17:52:43: ------1.8.0.14------
23.09.2016 17:52:43: -------------------
23.09.2016 18:01:01: Aplicatia a fost deschisa
23.09.2016 18:01:01: Versiunea aplicatiei:
23.09.2016 18:01:01: -------------------
23.09.2016 18:01:01: ------1.8.0.14------
23.09.2016 18:01:01: -------------------
23.09.2016 18:01:06: Aplicatia a fost inchisa
26.02.2017 01:32:33: Aplicatia a fost deschisa
26.02.2017 01:32:33: Versiunea aplicatiei:
26.02.2017 01:32:33: -------------------
26.02.2017 01:32:33: ------1.8.0.14------
26.02.2017 01:32:33: -------------------
26.02.2017 01:34:08: Fisierul C:\Users\Sabin\Documents\Visual Studio 2015\Projects\Aplicatie XLM BAC\Aplicatie XLM BAC\bin\Debug\5_43elevi.xml a fost deschis
26.02.2017 01:34:36: C:\Users\Sabin\Documents\Visual Studio 2015\Projects\Aplicatie XLM BAC\Aplicatie XLM BAC\bin\Debug\5_43elevi.xml --- a fost salvat
26.02.2017 01:36:04: Aplicatia a fost inchisa
26.02.2017 01:37:06: Aplicatia a fost deschisa
26.02.2017 01:37:06: Versiunea aplicatiei:
26.02.2017 01:37:06: -------------------
26.02.2017 01:37:06: ------1.8.0.14------
26.02.2017 01:37:06: -------------------
26.02.2017 01:37:33: uiy a fost adaugat
26.02.2017 01:37:46: yg a fost adaugat
26.02.2017 01:37:52: Fisierul a fost superscris cu datele actualizate
26.02.2017 01:47:22: Aplicatia a fost deschisa
26.02.2017 01:47:22: Versiunea aplicatiei:
26.02.2017 01:47:22: -------------------
26.02.2017 01:47:22: ------1.8.0.14------
26.02.2017 01:47:22: -------------------
26.02.2017 01:47:35: Fisierul C:\Users\Sabin\Documents\Visual Studio 2015\Projects\Aplicatie XLM BAC\Aplicatie XLM BAC\bin\Debug\5_43elevi.xml a fost deschis
26.02.2017 01:47:44: a fost adaugat
26.02.2017 01:47:44: 6_5_43elevi.xml --- a fost salvat
26.02.2017 01:47:46: C:\Users\Sabin\Documents\Visual Studio 2015\Projects\Aplicatie XLM BAC\Aplicatie XLM BAC\bin\Debug\5_43elevi.xml --- a fost salvat
26.02.2017 02:02:10: Aplicatia a fost deschisa
26.02.2017 02:02:10: Versiunea aplicatiei:
26.02.2017 02:02:10: -------------------
26.02.2017 02:02:10: ------1.8.0.14------
26.02.2017 02:02:10: -------------------
26.02.2017 02:02:18: Fisierul C:\Users\Sabin\Documents\Visual Studio 2015\Projects\Aplicatie XLM BAC\Aplicatie XLM BAC\bin\Debug\5_43elevi.xml a fost deschis
26.02.2017 02:02:26: C:\Users\Sabin\Documents\Visual Studio 2015\Projects\Aplicatie XLM BAC\Aplicatie XLM BAC\bin\Debug\5_43elevi.xml --- a fost salvat
26.02.2017 02:05:31: Aplicatia a fost deschisa
26.02.2017 02:05:31: Versiunea aplicatiei:
26.02.2017 02:05:31: -------------------
26.02.2017 02:05:31: ------1.8.0.14------
26.02.2017 02:05:31: -------------------
26.02.2017 02:05:39: Fisierul C:\Users\Sabin\Documents\Visual Studio 2015\Projects\Aplicatie XLM BAC\Aplicatie XLM BAC\bin\Debug\5_43elevi.xml a fost deschis
26.02.2017 02:05:44: C:\Users\Sabin\Documents\Visual Studio 2015\Projects\Aplicatie XLM BAC\Aplicatie XLM BAC\bin\Debug\5_43elevi.xml --- a fost salvat
26.02.2017 02:09:21: Aplicatia a fost deschisa
26.02.2017 02:09:21: Versiunea aplicatiei:
26.02.2017 02:09:21: -------------------
26.02.2017 02:09:21: ------1.8.0.14------
26.02.2017 02:09:21: -------------------
26.02.2017 02:09:49: (Convert.ToString(backupfilename) + "_" + fn);(Convert.ToString(backupfilename) + "_" + fn);  a fost adaugat
26.02.2017 02:10:10: jhba fost adaugat
26.02.2017 02:10:14: Fisierul a fost superscris cu datele actualizate
26.02.2017 02:17:42: 

Aplicatia a fost deschisa
26.02.2017 02:17:42: Versiunea aplicatiei:
26.02.2017 02:17:42: 
-------------------
26.02.2017 02:17:42: ------1.8.0.14------
26.02.2017 02:17:42: -------------------

26.02.2017 02:21:12: 





26.02.2017 02:21:12: Aplicatia a fost deschisa
26.02.2017 02:21:12: Versiunea aplicatiei:
26.02.2017 02:21:12: -------------------
26.02.2017 02:21:12: ------1.8.0.14------
26.02.2017 02:21:12: -------------------
26.02.2017 02:21:19: Fisierul a fost superscris cu datele actualizate
26.02.2017 02:22:45: Fisierul a fost superscris cu datele actualizate
26.02.2017 02:22:52: Aplicatia a fost inchisa
26.02.2017 02:25:39: 

26.02.2017 02:25:39: Aplicatia a fost deschisa
26.02.2017 02:25:39: Versiunea aplicatiei:
26.02.2017 02:25:39: -------------------
26.02.2017 02:25:39: ------1.8.0.14------
26.02.2017 02:25:39: -------------------
26.02.2017 02:25:46: Fisierul a fost superscris cu datele actualizate
26.02.2017 02:25:55: Aplicatia a fost inchisa
26.02.2017 02:26:22: 

26.02.2017 02:26:22: Aplicatia a fost deschisa
26.02.2017 02:26:22: Versiunea aplicatiei:
26.02.2017 02:26:22: -------------------
26.02.2017 02:26:22: ------1.8.0.14------
26.02.2017 02:26:22: -------------------
26.02.2017 02:26:27: Fisierul a fost superscris cu datele actualizate
26.02.2017 02:26:35: Fisierul a fost superscris cu datele actualizate
26.02.2017 02:26:48: Aplicatia a fost inchisa
26.02.2017 02:30:28: 

26.02.2017 02:30:28: Aplicatia a fost deschisa
26.02.2017 02:30:28: Versiunea aplicatiei:
26.02.2017 02:30:28: -------------------
26.02.2017 02:30:28: ------1.8.0.14------
26.02.2017 02:30:28: -------------------
26.02.2017 02:30:35: Fisierul a fost superscris cu datele actualizate
26.02.2017 02:30:46: Aplicatia a fost inchisa
26.02.2017 02:31:30: 

26.02.2017 02:31:30: Aplicatia a fost deschisa
26.02.2017 02:31:30: Versiunea aplicatiei:
26.02.2017 02:31:30: -------------------
26.02.2017 02:31:30: ------1.8.0.14------
26.02.2017 02:31:30: -------------------
26.02.2017 02:32:04: Aplicatia a fost inchisa
26.02.2017 02:32:13: 

26.02.2017 02:32:13: Aplicatia a fost deschisa
26.02.2017 02:32:13: Versiunea aplicatiei:
26.02.2017 02:32:13: -------------------
26.02.2017 02:32:13: ------1.8.0.14------
26.02.2017 02:32:13: -------------------
26.02.2017 02:32:46: Fisierul C:\Users\Sabin\Documents\Visual Studio 2015\Projects\Aplicatie XLM BAC\Aplicatie XLM BAC\bin\Debug\5_43elevi.xml a fost deschis
26.02.2017 02:33:02: C:\Users\Sabin\Documents\Visual Studio 2015\Projects\Aplicatie XLM BAC\Aplicatie XLM BAC\bin\Debug\5_43elevi.xml --- a fost salvat
26.02.2017 02:33:10: C:\Users\Sabin\Documents\Visual Studio 2015\Projects\Aplicatie XLM BAC\Aplicatie XLM BAC\bin\Debug\5_43elevi.xml --- a fost salvat
26.02.2017 02:33:35: Fisierul C:\Users\Sabin\Documents\Visual Studio 2015\Projects\Aplicatie XLM BAC\Aplicatie XLM BAC\bin\Debug\5_43elevi.xml a fost deschis
26.02.2017 02:33:42: Fisierul C:\Users\Sabin\Documents\Visual Studio 2015\Projects\Aplicatie XLM BAC\Aplicatie XLM BAC\bin\Debug\1_proba.xml a fost deschis
26.02.2017 02:33:50: Fisierul C:\Users\Sabin\Documents\Visual Studio 2015\Projects\Aplicatie XLM BAC\Aplicatie XLM BAC\bin\Debug\43elevi.xml a fost deschis
26.02.2017 02:34:03: Aplicatia a fost inchisa
26.02.2017 03:07:07: 

26.02.2017 03:07:07: Aplicatia a fost deschisa
26.02.2017 03:07:07: Versiunea aplicatiei:
26.02.2017 03:07:07: -------------------
26.02.2017 03:07:07: ------1.8.0.14------
26.02.2017 03:07:07: -------------------
26.02.2017 03:07:27: Aplicatia a fost inchisa
26.02.2017 03:09:06: 

26.02.2017 03:09:06: Aplicatia a fost deschisa
26.02.2017 03:09:06: Versiunea aplicatiei:
26.02.2017 03:09:06: -------------------
26.02.2017 03:09:06: ------1.8.0.14------
26.02.2017 03:09:06: -------------------
26.02.2017 03:09:24: Fisierul C:\Users\Sabin\Documents\Visual Studio 2015\Projects\Aplicatie XLM BAC\Aplicatie XLM BAC\bin\Debug\5_43elevi.xml a fost deschis
26.02.2017 03:17:49: 

26.02.2017 03:17:49: Aplicatia a fost deschisa
26.02.2017 03:17:49: Versiunea aplicatiei:
26.02.2017 03:17:49: -------------------
26.02.2017 03:17:49: ------1.8.0.14------
26.02.2017 03:17:49: -------------------
26.02.2017 03:18:03: Fisierul C:\Users\Sabin\Documents\Visual Studio 2015\Projects\Aplicatie XLM BAC\Aplicatie XLM BAC\bin\Debug\5_43elevi.xml a fost deschis
26.02.2017 03:28:04: 

26.02.2017 03:28:04: Aplicatia a fost deschisa
26.02.2017 03:28:04: Versiunea aplicatiei:
26.02.2017 03:28:04: -------------------
26.02.2017 03:28:04: ------1.8.0.14------
26.02.2017 03:28:04: -------------------
26.02.2017 03:28:09: Fisierul C:\Users\Sabin\Documents\Visual Studio 2015\Projects\Aplicatie XLM BAC\Aplicatie XLM BAC\bin\Debug\5_43elevi.xml a fost deschis
26.02.2017 03:28:24: Aplicatia a fost inchisa
26.02.2017 03:28:52: 

26.02.2017 03:28:52: Aplicatia a fost deschisa
26.02.2017 03:28:52: Versiunea aplicatiei:
26.02.2017 03:28:52: -------------------
26.02.2017 03:28:52: ------1.8.0.14------
26.02.2017 03:28:52: -------------------
26.02.2017 03:28:59: Fisierul C:\Users\Sabin\Documents\Visual Studio 2015\Projects\Aplicatie XLM BAC\Aplicatie XLM BAC\bin\Debug\5_43elevi.xml a fost deschis
26.02.2017 03:31:49: 

26.02.2017 03:31:49: Aplicatia a fost deschisa
26.02.2017 03:31:49: Versiunea aplicatiei:
26.02.2017 03:31:49: -------------------
26.02.2017 03:31:49: ------1.8.0.14------
26.02.2017 03:31:49: -------------------
26.02.2017 03:36:20: 

26.02.2017 03:36:20: Aplicatia a fost deschisa
26.02.2017 03:36:20: Versiunea aplicatiei:
26.02.2017 03:36:20: -------------------
26.02.2017 03:36:20: ------1.8.0.14------
26.02.2017 03:36:20: -------------------
26.02.2017 03:36:45: 

26.02.2017 03:36:45: Aplicatia a fost deschisa
26.02.2017 03:36:45: Versiunea aplicatiei:
26.02.2017 03:36:45: -------------------
26.02.2017 03:36:45: ------1.8.0.14------
26.02.2017 03:36:45: -------------------
26.02.2017 03:36:52: Fisierul C:\Users\Sabin\Documents\Visual Studio 2015\Projects\Aplicatie XLM BAC\Aplicatie XLM BAC\bin\Debug\5_43elevi.xml a fost deschis
26.02.2017 03:37:18: Aplicatia a fost inchisa
19.04.2018 18:16:12: 

19.04.2018 18:16:12: Aplicatia a fost deschisa
19.04.2018 18:16:12: Versiunea aplicatiei:
19.04.2018 18:16:12: -------------------
19.04.2018 18:16:12: ------1.8.0.14------
19.04.2018 18:16:12: -------------------
19.04.2018 18:30:21: 

19.04.2018 18:30:21: Aplicatia a fost deschisa
19.04.2018 18:30:21: Versiunea aplicatiei:
19.04.2018 18:30:21: -------------------
19.04.2018 18:30:21: ------1.8.0.14------
19.04.2018 18:30:21: -------------------
19.04.2018 18:30:35: Aplicatia a fost inchisa
19.04.2018 18:47:16: 

19.04.2018 18:47:16: Aplicatia a fost deschisa
19.04.2018 18:47:16: Versiunea aplicatiei:
19.04.2018 18:47:16: -------------------
19.04.2018 18:47:16: ------1.8.0.14------
19.04.2018 18:47:16: -------------------
19.04.2018 18:48:17: Aplicatia a fost inchisa
19.04.2018 18:54:13: 

19.04.2018 18:54:13: Aplicatia a fost deschisa
19.04.2018 18:54:13: Versiunea aplicatiei:
19.04.2018 18:54:13: -------------------
19.04.2018 18:54:13: ------1.8.0.14------
19.04.2018 18:54:13: -------------------
19.04.2018 18:54:50: 

19.04.2018 18:54:50: Aplicatia a fost deschisa
19.04.2018 18:54:50: Versiunea aplicatiei:
19.04.2018 18:54:50: -------------------
19.04.2018 18:54:50: ------1.8.0.14------
19.04.2018 18:54:50: -------------------
19.04.2018 18:54:59: Fisierul C:\Users\Sabin\Documents\Visual Studio 2015\Projects\Aplicatie XLM BAC\Aplicatie XLM BAC\bin\Debug\5_43elevi.xml a fost deschis
19.04.2018 18:57:49: 

19.04.2018 18:57:49: Aplicatia a fost deschisa
19.04.2018 18:57:49: Versiunea aplicatiei:
19.04.2018 18:57:49: -------------------
19.04.2018 18:57:49: ------1.8.0.14------
19.04.2018 18:57:49: -------------------
19.04.2018 18:58:04: Fisierul C:\Users\Sabin\Documents\Visual Studio 2015\Projects\Aplicatie XLM BAC\Aplicatie XLM BAC\bin\Debug\5_43elevi.xml a fost deschis
19.04.2018 18:58:59: Aplicatia a fost inchisa
19.04.2018 18:59:59: 

19.04.2018 18:59:59: Aplicatia a fost deschisa
19.04.2018 18:59:59: Versiunea aplicatiei:
19.04.2018 18:59:59: -------------------
19.04.2018 18:59:59: ------1.8.0.14------
19.04.2018 18:59:59: -------------------
19.04.2018 19:00:07: Fisierul C:\Users\Sabin\Documents\Visual Studio 2015\Projects\Aplicatie XLM BAC\Aplicatie XLM BAC\bin\Debug\lala.xml a fost deschis
19.04.2018 19:00:19: 

19.04.2018 19:00:19: Aplicatia a fost deschisa
19.04.2018 19:00:19: Versiunea aplicatiei:
19.04.2018 19:00:19: -------------------
19.04.2018 19:00:19: ------1.8.0.14------
19.04.2018 19:00:19: -------------------
19.04.2018 19:00:24: Fisierul C:\Users\Sabin\Documents\Visual Studio 2015\Projects\Aplicatie XLM BAC\Aplicatie XLM BAC\bin\Debug\lala.xml a fost deschis
19.04.2018 19:00:33: 

19.04.2018 19:00:33: Aplicatia a fost deschisa
19.04.2018 19:00:33: Versiunea aplicatiei:
19.04.2018 19:00:33: -------------------
19.04.2018 19:00:33: ------1.8.0.14------
19.04.2018 19:00:33: -------------------
19.04.2018 19:00:42: Fisierul C:\Users\Sabin\Documents\Visual Studio 2015\Projects\Aplicatie XLM BAC\Aplicatie XLM BAC\bin\Debug\lala.xml a fost deschis
19.04.2018 19:01:24: Aplicatia a fost inchisa
19.04.2018 19:24:41: 

19.04.2018 19:24:41: Aplicatia a fost deschisa
19.04.2018 19:24:41: Versiunea aplicatiei:
19.04.2018 19:24:41: -------------------
19.04.2018 19:24:41: ------1.8.0.14------
19.04.2018 19:24:41: -------------------
19.04.2018 19:25:01: 

19.04.2018 19:25:01: Aplicatia a fost deschisa
19.04.2018 19:25:01: Versiunea aplicatiei:
19.04.2018 19:25:01: -------------------
19.04.2018 19:25:01: ------1.8.0.14------
19.04.2018 19:25:01: -------------------
19.04.2018 19:26:01: 

19.04.2018 19:26:01: Aplicatia a fost deschisa
19.04.2018 19:26:01: Versiunea aplicatiei:
19.04.2018 19:26:01: -------------------
19.04.2018 19:26:01: ------1.8.0.14------
19.04.2018 19:26:01: -------------------
19.04.2018 19:33:18: 

19.04.2018 19:33:18: Aplicatia a fost deschisa
19.04.2018 19:33:18: Versiunea aplicatiei:
19.04.2018 19:33:18: -------------------
19.04.2018 19:33:18: ------1.8.0.14------
19.04.2018 19:33:18: -------------------
19.04.2018 19:33:26: Fisierul a fost superscris cu datele actualizate
19.04.2018 19:36:53: 

19.04.2018 19:36:53: Aplicatia a fost deschisa
19.04.2018 19:36:53: Versiunea aplicatiei:
19.04.2018 19:36:53: -------------------
19.04.2018 19:36:53: ------1.8.0.14------
19.04.2018 19:36:53: -------------------
19.04.2018 19:36:56: Fisierul a fost superscris cu datele actualizate
19.04.2018 19:37:01: Aplicatia a fost inchisa
19.04.2018 19:50:37: 

19.04.2018 19:50:37: Aplicatia a fost deschisa
19.04.2018 19:50:37: Versiunea aplicatiei:
19.04.2018 19:50:37: -------------------
19.04.2018 19:50:37: ------1.8.0.14------
19.04.2018 19:50:37: -------------------
19.04.2018 19:56:12: 

19.04.2018 19:56:12: Aplicatia a fost deschisa
19.04.2018 19:56:12: Versiunea aplicatiei:
19.04.2018 19:56:12: -------------------
19.04.2018 19:56:12: ------1.8.0.14------
19.04.2018 19:56:12: -------------------
19.04.2018 19:56:28: Tabelul a fost exportat ca fisier HTML
19.04.2018 19:56:33: Tabelul a fost exportat ca fisier HTML
19.04.2018 19:56:41: Tabelul a fost exportat ca fisier HTML
19.04.2018 19:57:03: lola fost adaugat
19.04.2018 19:57:04: Tabelul a fost exportat ca fisier HTML
19.04.2018 20:03:35: 

19.04.2018 20:03:35: Aplicatia a fost deschisa
19.04.2018 20:03:35: Versiunea aplicatiei:
19.04.2018 20:03:35: -------------------
19.04.2018 20:03:35: ------1.8.0.14------
19.04.2018 20:03:35: -------------------
19.04.2018 20:03:36: A fost exportat fisierul copie in format HTML -> cu acelasi nume
19.04.2018 20:03:36: Tabelul a fost exportat ca fisier HTML
19.04.2018 20:03:37: a fost adaugat
19.04.2018 20:03:38: A fost exportat fisierul copie in format HTML -> cu acelasi nume
19.04.2018 20:03:38: Tabelul a fost exportat ca fisier HTML
19.04.2018 20:03:39: a fost adaugat
19.04.2018 20:03:40: A fost exportat fisierul copie in format HTML -> cu acelasi nume
19.04.2018 20:03:40: Tabelul a fost exportat ca fisier HTML
19.04.2018 20:03:40: a fost adaugat
19.04.2018 20:03:41: A fost exportat fisierul copie in format HTML -> cu acelasi nume
19.04.2018 20:03:41: Tabelul a fost exportat ca fisier HTML
19.04.2018 20:03:51: Fisierul C:\Users\Sabin\Documents\Visual Studio 2015\Projects\Aplicatie XLM BAC\Aplicatie XLM BAC\bin\Debug\5_43elevi.xml a fost deschis
19.04.2018 20:07:28: 

19.04.2018 20:07:28: Aplicatia a fost deschisa
19.04.2018 20:07:28: Versiunea aplicatiei:
19.04.2018 20:07:28: -------------------
19.04.2018 20:07:28: ------1.8.0.14------
19.04.2018 20:07:28: -------------------
19.04.2018 20:07:33: Fisierul C:\Users\Sabin\Documents\Visual Studio 2015\Projects\Aplicatie XLM BAC\Aplicatie XLM BAC\bin\Debug\5_43elevi.xml a fost deschis
19.04.2018 20:08:44: 

19.04.2018 20:08:44: Aplicatia a fost deschisa
19.04.2018 20:08:44: Versiunea aplicatiei:
19.04.2018 20:08:44: -------------------
19.04.2018 20:08:44: ------1.8.0.14------
19.04.2018 20:08:44: -------------------
19.04.2018 20:08:46: A fost exportat fisierul copie in format HTML -> cu acelasi nume
19.04.2018 20:08:46: Tabelul a fost exportat ca fisier HTML
19.04.2018 20:08:50: Fisierul C:\Users\Sabin\Documents\Visual Studio 2015\Projects\Aplicatie XLM BAC\Aplicatie XLM BAC\bin\Debug\5_43elevi.xml a fost deschis
19.04.2018 20:10:32: 

19.04.2018 20:10:32: Aplicatia a fost deschisa
19.04.2018 20:10:32: Versiunea aplicatiei:
19.04.2018 20:10:32: -------------------
19.04.2018 20:10:32: ------1.8.0.14------
19.04.2018 20:10:32: -------------------
19.04.2018 20:10:37: Fisierul C:\Users\Sabin\Documents\Visual Studio 2015\Projects\Aplicatie XLM BAC\Aplicatie XLM BAC\bin\Debug\5_43elevi.xml a fost deschis
19.04.2018 20:10:47: Aplicatia a fost inchisa
19.04.2018 20:10:55: 

19.04.2018 20:10:55: Aplicatia a fost deschisa
19.04.2018 20:10:55: Versiunea aplicatiei:
19.04.2018 20:10:55: -------------------
19.04.2018 20:10:55: ------1.8.0.14------
19.04.2018 20:10:55: -------------------
19.04.2018 20:10:59: Fisierul C:\Users\Sabin\Documents\Visual Studio 2015\Projects\Aplicatie XLM BAC\Aplicatie XLM BAC\bin\Debug\5_43elevi.xml a fost deschis
19.04.2018 20:11:47: 

19.04.2018 20:11:47: Aplicatia a fost deschisa
19.04.2018 20:11:47: Versiunea aplicatiei:
19.04.2018 20:11:47: -------------------
19.04.2018 20:11:47: ------1.8.0.14------
19.04.2018 20:11:47: -------------------
19.04.2018 20:11:52: Fisierul C:\Users\Sabin\Documents\Visual Studio 2015\Projects\Aplicatie XLM BAC\Aplicatie XLM BAC\bin\Debug\5_43elevi.xml a fost deschis
19.04.2018 20:12:00: Aplicatia a fost inchisa
19.04.2018 20:13:30: 

19.04.2018 20:13:30: Aplicatia a fost deschisa
19.04.2018 20:13:30: Versiunea aplicatiei:
19.04.2018 20:13:30: -------------------
19.04.2018 20:13:30: ------1.8.0.14------
19.04.2018 20:13:30: -------------------
19.04.2018 20:13:36: Fisierul C:\Users\Sabin\Documents\Visual Studio 2015\Projects\Aplicatie XLM BAC\Aplicatie XLM BAC\bin\Debug\5_43elevi.xml a fost deschis
19.04.2018 20:13:48: Aplicatia a fost inchisa
19.04.2018 20:16:54: 

19.04.2018 20:16:54: Aplicatia a fost deschisa
19.04.2018 20:16:54: Versiunea aplicatiei:
19.04.2018 20:16:54: -------------------
19.04.2018 20:16:54: ------1.8.0.14------
19.04.2018 20:16:54: -------------------
19.04.2018 20:16:57: Fisierul C:\Users\Sabin\Documents\Visual Studio 2015\Projects\Aplicatie XLM BAC\Aplicatie XLM BAC\bin\Debug\5_43elevi.xml a fost deschis
19.04.2018 20:17:05: Aplicatia a fost inchisa
19.04.2018 20:20:20: 

19.04.2018 20:20:20: Aplicatia a fost deschisa
19.04.2018 20:20:20: Versiunea aplicatiei:
19.04.2018 20:20:20: -------------------
19.04.2018 20:20:20: ------1.8.0.14------
19.04.2018 20:20:20: -------------------
19.04.2018 20:20:25: Fisierul C:\Users\Sabin\Documents\Visual Studio 2015\Projects\Aplicatie XLM BAC\Aplicatie XLM BAC\bin\Debug\5_43elevi.xml a fost deschis
19.04.2018 20:33:32: 

19.04.2018 20:33:32: Aplicatia a fost deschisa
19.04.2018 20:33:32: Versiunea aplicatiei:
19.04.2018 20:33:32: -------------------
19.04.2018 20:33:32: ------1.8.0.14------
19.04.2018 20:33:32: -------------------
19.04.2018 20:33:38: Fisierul C:\Users\Sabin\Documents\Visual Studio 2015\Projects\Aplicatie XLM BAC\Aplicatie XLM BAC\bin\Debug\5_43elevi.xml a fost deschis
19.04.2018 20:34:34: 

19.04.2018 20:34:34: Aplicatia a fost deschisa
19.04.2018 20:34:34: Versiunea aplicatiei:
19.04.2018 20:34:34: -------------------
19.04.2018 20:34:34: ------1.8.0.14------
19.04.2018 20:34:34: -------------------
19.04.2018 20:34:40: Fisierul C:\Users\Sabin\Documents\Visual Studio 2015\Projects\Aplicatie XLM BAC\Aplicatie XLM BAC\bin\Debug\5_43elevi.xml a fost deschis
19.04.2018 20:35:14: Aplicatia a fost inchisa
19.04.2018 20:36:55: 

19.04.2018 20:36:55: Aplicatia a fost deschisa
19.04.2018 20:36:55: Versiunea aplicatiei:
19.04.2018 20:36:55: -------------------
19.04.2018 20:36:55: ------1.8.0.14------
19.04.2018 20:36:55: -------------------
19.04.2018 20:37:00: Fisierul C:\Users\Sabin\Documents\Visual Studio 2015\Projects\Aplicatie XLM BAC\Aplicatie XLM BAC\bin\Debug\5_43elevi.xml a fost deschis
19.04.2018 20:40:52: 

19.04.2018 20:40:52: Aplicatia a fost deschisa
19.04.2018 20:40:52: Versiunea aplicatiei:
19.04.2018 20:40:52: -------------------
19.04.2018 20:40:52: ------1.8.0.14------
19.04.2018 20:40:52: -------------------
19.04.2018 20:57:14: 

19.04.2018 20:57:14: Aplicatia a fost deschisa
19.04.2018 20:57:14: Versiunea aplicatiei:
19.04.2018 20:57:14: -------------------
19.04.2018 20:57:14: ------1.8.0.14------
19.04.2018 20:57:14: -------------------
19.04.2018 20:57:25: Fisierul C:\Users\Sabin\Documents\Visual Studio 2015\Projects\Aplicatie XLM BAC\Aplicatie XLM BAC\bin\Debug\5_43elevi.xml a fost deschis
19.04.2018 20:57:45: 

19.04.2018 20:57:45: Aplicatia a fost deschisa
19.04.2018 20:57:45: Versiunea aplicatiei:
19.04.2018 20:57:45: -------------------
19.04.2018 20:57:45: ------1.8.0.14------
19.04.2018 20:57:45: -------------------
19.04.2018 20:57:54: Fisierul C:\Users\Sabin\Documents\Visual Studio 2015\Projects\Aplicatie XLM BAC\Aplicatie XLM BAC\bin\Debug\5_43elevi.xml a fost deschis
19.04.2018 20:58:50: Aplicatia a fost inchisa
19.04.2018 20:59:31: 

19.04.2018 20:59:31: Aplicatia a fost deschisa
19.04.2018 20:59:31: Versiunea aplicatiei:
19.04.2018 20:59:31: -------------------
19.04.2018 20:59:31: ------1.8.0.14------
19.04.2018 20:59:31: -------------------
19.04.2018 20:59:37: Fisierul C:\Users\Sabin\Documents\Visual Studio 2015\Projects\Aplicatie XLM BAC\Aplicatie XLM BAC\bin\Debug\5_43elevi.xml a fost deschis
19.04.2018 20:59:49: 

19.04.2018 20:59:49: Aplicatia a fost deschisa
19.04.2018 20:59:49: Versiunea aplicatiei:
19.04.2018 20:59:49: -------------------
19.04.2018 20:59:49: ------1.8.0.14------
19.04.2018 20:59:49: -------------------
19.04.2018 20:59:54: Fisierul C:\Users\Sabin\Documents\Visual Studio 2015\Projects\Aplicatie XLM BAC\Aplicatie XLM BAC\bin\Debug\5_43elevi.xml a fost deschis
19.04.2018 21:01:47: 

19.04.2018 21:01:47: Aplicatia a fost deschisa
19.04.2018 21:01:47: Versiunea aplicatiei:
19.04.2018 21:01:47: -------------------
19.04.2018 21:01:47: ------1.8.0.14------
19.04.2018 21:01:47: -------------------
19.04.2018 21:01:53: Fisierul C:\Users\Sabin\Documents\Visual Studio 2015\Projects\Aplicatie XLM BAC\Aplicatie XLM BAC\bin\Debug\5_43elevi.xml a fost deschis
19.04.2018 21:12:14: 

19.04.2018 21:12:14: Aplicatia a fost deschisa
19.04.2018 21:12:14: Versiunea aplicatiei:
19.04.2018 21:12:14: -------------------
19.04.2018 21:12:14: ------1.8.0.14------
19.04.2018 21:12:14: -------------------
19.04.2018 21:13:03: 

19.04.2018 21:13:03: Aplicatia a fost deschisa
19.04.2018 21:13:03: Versiunea aplicatiei:
19.04.2018 21:13:03: -------------------
19.04.2018 21:13:03: ------1.8.0.14------
19.04.2018 21:13:03: -------------------
19.04.2018 21:13:13: Fisierul C:\Users\Sabin\Documents\Visual Studio 2015\Projects\Aplicatie XLM BAC\Aplicatie XLM BAC\bin\Debug\5_43elevi.xml a fost deschis
19.04.2018 21:14:41: 

19.04.2018 21:14:41: Aplicatia a fost deschisa
19.04.2018 21:14:41: Versiunea aplicatiei:
19.04.2018 21:14:41: -------------------
19.04.2018 21:14:41: ------1.8.0.14------
19.04.2018 21:14:41: -------------------
19.04.2018 21:14:47: Fisierul C:\Users\Sabin\Documents\Visual Studio 2015\Projects\Aplicatie XLM BAC\Aplicatie XLM BAC\bin\Debug\5_43elevi.xml a fost deschis
19.04.2018 21:15:01: 

19.04.2018 21:15:01: Aplicatia a fost deschisa
19.04.2018 21:15:01: Versiunea aplicatiei:
19.04.2018 21:15:01: -------------------
19.04.2018 21:15:01: ------1.8.0.14------
19.04.2018 21:15:01: -------------------
19.04.2018 21:15:15: Fisierul C:\Users\Sabin\Documents\Visual Studio 2015\Projects\Aplicatie XLM BAC\Aplicatie XLM BAC\bin\Debug\5_43elevi.xml a fost deschis
19.04.2018 21:15:39: 

19.04.2018 21:15:39: Aplicatia a fost deschisa
19.04.2018 21:15:39: Versiunea aplicatiei:
19.04.2018 21:15:39: -------------------
19.04.2018 21:15:39: ------1.8.0.14------
19.04.2018 21:15:39: -------------------
19.04.2018 21:15:43: Fisierul C:\Users\Sabin\Documents\Visual Studio 2015\Projects\Aplicatie XLM BAC\Aplicatie XLM BAC\bin\Debug\5_43elevi.xml a fost deschis
19.04.2018 21:16:21: 

19.04.2018 21:16:21: Aplicatia a fost deschisa
19.04.2018 21:16:21: Versiunea aplicatiei:
19.04.2018 21:16:21: -------------------
19.04.2018 21:16:21: ------1.8.0.14------
19.04.2018 21:16:21: -------------------
19.04.2018 21:16:28: Fisierul C:\Users\Sabin\Documents\Visual Studio 2015\Projects\Aplicatie XLM BAC\Aplicatie XLM BAC\bin\Debug\5_43elevi.xml a fost deschis
19.04.2018 21:16:45: Aplicatia a fost inchisa
19.04.2018 21:17:34: 

19.04.2018 21:17:34: Aplicatia a fost deschisa
19.04.2018 21:17:34: Versiunea aplicatiei:
19.04.2018 21:17:34: -------------------
19.04.2018 21:17:34: ------1.8.0.14------
19.04.2018 21:17:34: -------------------
19.04.2018 21:17:41: Fisierul C:\Users\Sabin\Documents\Visual Studio 2015\Projects\Aplicatie XLM BAC\Aplicatie XLM BAC\bin\Debug\5_43elevi.xml a fost deschis
19.04.2018 21:17:52: 

19.04.2018 21:17:52: Aplicatia a fost deschisa
19.04.2018 21:17:52: Versiunea aplicatiei:
19.04.2018 21:17:52: -------------------
19.04.2018 21:17:52: ------1.8.0.14------
19.04.2018 21:17:52: -------------------
19.04.2018 21:17:56: Fisierul C:\Users\Sabin\Documents\Visual Studio 2015\Projects\Aplicatie XLM BAC\Aplicatie XLM BAC\bin\Debug\5_43elevi.xml a fost deschis
19.04.2018 21:21:41: 

19.04.2018 21:21:41: Aplicatia a fost deschisa
19.04.2018 21:21:41: Versiunea aplicatiei:
19.04.2018 21:21:41: -------------------
19.04.2018 21:21:41: ------1.8.0.14------
19.04.2018 21:21:41: -------------------
19.04.2018 21:21:54: Fisierul C:\Users\Sabin\Documents\Visual Studio 2015\Projects\Aplicatie XLM BAC\Aplicatie XLM BAC\bin\Debug\5_43elevi.xml a fost deschis
19.04.2018 21:22:44: Aplicatia a fost inchisa
19.04.2018 21:23:42: 

19.04.2018 21:23:42: Aplicatia a fost deschisa
19.04.2018 21:23:42: Versiunea aplicatiei:
19.04.2018 21:23:42: -------------------
19.04.2018 21:23:42: ------1.8.0.14------
19.04.2018 21:23:42: -------------------
19.04.2018 21:23:48: Fisierul C:\Users\Sabin\Documents\Visual Studio 2015\Projects\Aplicatie XLM BAC\Aplicatie XLM BAC\bin\Debug\5_43elevi.xml a fost deschis
19.04.2018 21:25:07: 

19.04.2018 21:25:07: Aplicatia a fost deschisa
19.04.2018 21:25:07: Versiunea aplicatiei:
19.04.2018 21:25:07: -------------------
19.04.2018 21:25:07: ------1.8.0.14------
19.04.2018 21:25:07: -------------------
19.04.2018 21:25:12: Fisierul C:\Users\Sabin\Documents\Visual Studio 2015\Projects\Aplicatie XLM BAC\Aplicatie XLM BAC\bin\Debug\5_43elevi.xml a fost deschis
19.04.2018 21:26:35: 

19.04.2018 21:26:35: Aplicatia a fost deschisa
19.04.2018 21:26:35: Versiunea aplicatiei:
19.04.2018 21:26:35: -------------------
19.04.2018 21:26:35: ------1.8.0.14------
19.04.2018 21:26:35: -------------------
19.04.2018 21:26:39: Fisierul C:\Users\Sabin\Documents\Visual Studio 2015\Projects\Aplicatie XLM BAC\Aplicatie XLM BAC\bin\Debug\5_43elevi.xml a fost deschis
19.04.2018 21:27:33: 

19.04.2018 21:27:33: Aplicatia a fost deschisa
19.04.2018 21:27:33: Versiunea aplicatiei:
19.04.2018 21:27:33: -------------------
19.04.2018 21:27:33: ------1.8.0.14------
19.04.2018 21:27:33: -------------------
19.04.2018 21:27:36: Fisierul C:\Users\Sabin\Documents\Visual Studio 2015\Projects\Aplicatie XLM BAC\Aplicatie XLM BAC\bin\Debug\5_43elevi.xml a fost deschis
19.04.2018 21:29:20: 

19.04.2018 21:29:20: Aplicatia a fost deschisa
19.04.2018 21:29:20: Versiunea aplicatiei:
19.04.2018 21:29:20: -------------------
19.04.2018 21:29:20: ------1.8.0.14------
19.04.2018 21:29:20: -------------------
19.04.2018 21:29:44: Fisierul C:\Users\Sabin\Documents\Visual Studio 2015\Projects\Aplicatie XLM BAC\Aplicatie XLM BAC\bin\Debug\5_43elevi.xml a fost deschis
19.04.2018 21:30:41: 

19.04.2018 21:30:41: Aplicatia a fost deschisa
19.04.2018 21:30:41: Versiunea aplicatiei:
19.04.2018 21:30:41: -------------------
19.04.2018 21:30:41: ------1.8.0.14------
19.04.2018 21:30:41: -------------------
19.04.2018 21:30:46: Fisierul C:\Users\Sabin\Documents\Visual Studio 2015\Projects\Aplicatie XLM BAC\Aplicatie XLM BAC\bin\Debug\5_43elevi.xml a fost deschis
19.04.2018 21:32:06: Aplicatia a fost inchisa
19.04.2018 21:32:36: 

19.04.2018 21:32:36: Aplicatia a fost deschisa
19.04.2018 21:32:36: Versiunea aplicatiei:
19.04.2018 21:32:36: -------------------
19.04.2018 21:32:36: ------1.8.0.14------
19.04.2018 21:32:36: -------------------
19.04.2018 21:32:44: Fisierul C:\Users\Sabin\Documents\Visual Studio 2015\Projects\Aplicatie XLM BAC\Aplicatie XLM BAC\bin\Debug\5_43elevi.xml a fost deschis
19.04.2018 21:34:24: 

19.04.2018 21:34:24: Aplicatia a fost deschisa
19.04.2018 21:34:24: Versiunea aplicatiei:
19.04.2018 21:34:24: -------------------
19.04.2018 21:34:25: ------1.8.0.14------
19.04.2018 21:34:25: -------------------
19.04.2018 21:34:29: Fisierul C:\Users\Sabin\Documents\Visual Studio 2015\Projects\Aplicatie XLM BAC\Aplicatie XLM BAC\bin\Debug\5_43elevi.xml a fost deschis
19.04.2018 21:36:21: 

19.04.2018 21:36:21: Aplicatia a fost deschisa
19.04.2018 21:36:21: Versiunea aplicatiei:
19.04.2018 21:36:21: -------------------
19.04.2018 21:36:21: ------1.8.0.14------
19.04.2018 21:36:21: -------------------
19.04.2018 21:36:29: Fisierul C:\Users\Sabin\Documents\Visual Studio 2015\Projects\Aplicatie XLM BAC\Aplicatie XLM BAC\bin\Debug\5_43elevi.xml a fost deschis
19.04.2018 21:40:00: 

19.04.2018 21:40:00: Aplicatia a fost deschisa
19.04.2018 21:40:00: Versiunea aplicatiei:
19.04.2018 21:40:00: -------------------
19.04.2018 21:40:00: ------1.8.0.14------
19.04.2018 21:40:00: -------------------
19.04.2018 21:40:06: Fisierul C:\Users\Sabin\Documents\Visual Studio 2015\Projects\Aplicatie XLM BAC\Aplicatie XLM BAC\bin\Debug\5_43elevi.xml a fost deschis
19.04.2018 21:41:01: 

19.04.2018 21:41:01: Aplicatia a fost deschisa
19.04.2018 21:41:01: Versiunea aplicatiei:
19.04.2018 21:41:01: -------------------
19.04.2018 21:41:01: ------1.8.0.14------
19.04.2018 21:41:01: -------------------
19.04.2018 21:41:06: Fisierul C:\Users\Sabin\Documents\Visual Studio 2015\Projects\Aplicatie XLM BAC\Aplicatie XLM BAC\bin\Debug\5_43elevi.xml a fost deschis
19.04.2018 21:41:39: 

19.04.2018 21:41:39: Aplicatia a fost deschisa
19.04.2018 21:41:39: Versiunea aplicatiei:
19.04.2018 21:41:39: -------------------
19.04.2018 21:41:39: ------1.8.0.14------
19.04.2018 21:41:39: -------------------
19.04.2018 21:41:45: Fisierul C:\Users\Sabin\Documents\Visual Studio 2015\Projects\Aplicatie XLM BAC\Aplicatie XLM BAC\bin\Debug\5_43elevi.xml a fost deschis
19.04.2018 21:43:41: 

19.04.2018 21:43:41: Aplicatia a fost deschisa
19.04.2018 21:43:41: Versiunea aplicatiei:
19.04.2018 21:43:41: -------------------
19.04.2018 21:43:41: ------1.8.0.14------
19.04.2018 21:43:41: -------------------
19.04.2018 21:43:45: Fisierul C:\Users\Sabin\Documents\Visual Studio 2015\Projects\Aplicatie XLM BAC\Aplicatie XLM BAC\bin\Debug\5_43elevi.xml a fost deschis
19.04.2018 21:45:12: 

19.04.2018 21:45:12: Aplicatia a fost deschisa
19.04.2018 21:45:12: Versiunea aplicatiei:
19.04.2018 21:45:12: -------------------
19.04.2018 21:45:12: ------1.8.0.14------
19.04.2018 21:45:12: -------------------
19.04.2018 21:45:17: Fisierul C:\Users\Sabin\Documents\Visual Studio 2015\Projects\Aplicatie XLM BAC\Aplicatie XLM BAC\bin\Debug\5_43elevi.xml a fost deschis
19.04.2018 21:46:40: 

19.04.2018 21:46:40: Aplicatia a fost deschisa
19.04.2018 21:46:40: Versiunea aplicatiei:
19.04.2018 21:46:40: -------------------
19.04.2018 21:46:40: ------1.8.0.14------
19.04.2018 21:46:40: -------------------
19.04.2018 21:46:45: Fisierul C:\Users\Sabin\Documents\Visual Studio 2015\Projects\Aplicatie XLM BAC\Aplicatie XLM BAC\bin\Debug\5_43elevi.xml a fost deschis
19.04.2018 21:47:33: 

19.04.2018 21:47:33: Aplicatia a fost deschisa
19.04.2018 21:47:33: Versiunea aplicatiei:
19.04.2018 21:47:33: -------------------
19.04.2018 21:47:33: ------1.8.0.14------
19.04.2018 21:47:33: -------------------
19.04.2018 21:47:39: Fisierul C:\Users\Sabin\Documents\Visual Studio 2015\Projects\Aplicatie XLM BAC\Aplicatie XLM BAC\bin\Debug\5_43elevi.xml a fost deschis
19.04.2018 21:48:04: Aplicatia a fost inchisa
19.04.2018 21:48:09: 

19.04.2018 21:48:09: Aplicatia a fost deschisa
19.04.2018 21:48:09: Versiunea aplicatiei:
19.04.2018 21:48:09: -------------------
19.04.2018 21:48:09: ------1.8.0.14------
19.04.2018 21:48:09: -------------------
19.04.2018 21:48:16: Fisierul C:\Users\Sabin\Documents\Visual Studio 2015\Projects\Aplicatie XLM BAC\Aplicatie XLM BAC\bin\Debug\5_43elevi.xml a fost deschis
19.04.2018 21:48:57: A fost exportat fisierul copie in format HTML -> cu acelasi nume
19.04.2018 21:48:57: Tabelul a fost exportat ca fisier HTML
19.04.2018 21:49:48: A fost exportat fisierul copie in format HTML -> cu acelasi nume
19.04.2018 21:49:48: Tabelul a fost exportat ca fisier HTML
19.04.2018 21:49:50: A fost exportat fisierul copie in format HTML -> cu acelasi nume
19.04.2018 21:49:50: Tabelul a fost exportat ca fisier HTML
19.04.2018 21:51:23: 

19.04.2018 21:51:23: Aplicatia a fost deschisa
19.04.2018 21:51:23: Versiunea aplicatiei:
19.04.2018 21:51:23: -------------------
19.04.2018 21:51:23: ------1.8.0.14------
19.04.2018 21:51:23: -------------------
19.04.2018 21:51:34: Fisierul C:\Users\Sabin\Documents\Visual Studio 2015\Projects\Aplicatie XLM BAC\Aplicatie XLM BAC\bin\Debug\2_123123123.xml a fost deschis
19.04.2018 21:51:39: A fost exportat fisierul copie in format HTML -> cu acelasi nume
19.04.2018 21:51:39: Tabelul a fost exportat ca fisier HTML
19.04.2018 21:52:31: a fost adaugat
19.04.2018 21:52:31: 3_2_123123123.xml --- a fost salvat
19.04.2018 21:52:31: A fost exportat fisierul copie in format HTML -> cu acelasi nume
19.04.2018 21:52:33: A fost exportat fisierul copie in format HTML -> cu acelasi nume
19.04.2018 21:52:33: Tabelul a fost exportat ca fisier HTML
19.04.2018 22:01:05: Aplicatia a fost inchisa
19.04.2018 22:01:07: 

19.04.2018 22:01:07: Aplicatia a fost deschisa
19.04.2018 22:01:07: Versiunea aplicatiei:
19.04.2018 22:01:08: -------------------
19.04.2018 22:01:08: ------1.8.0.14------
19.04.2018 22:01:08: -------------------
19.04.2018 22:01:13: Fisierul C:\Users\Sabin\Documents\Visual Studio 2015\Projects\Aplicatie XLM BAC\Aplicatie XLM BAC\bin\Debug\5_43elevi.xml a fost deschis
19.04.2018 22:01:17: A fost exportat fisierul copie in format HTML -> cu acelasi nume
19.04.2018 22:01:17: Tabelul a fost exportat ca fisier HTML
19.04.2018 22:01:44: A fost exportat fisierul copie in format HTML -> cu acelasi nume
19.04.2018 22:01:44: Tabelul a fost exportat ca fisier HTML
19.04.2018 22:01:47: A fost exportat fisierul copie in format HTML -> cu acelasi nume
19.04.2018 22:01:47: Tabelul a fost exportat ca fisier HTML
19.04.2018 22:01:47: A fost exportat fisierul copie in format HTML -> cu acelasi nume
19.04.2018 22:01:47: Tabelul a fost exportat ca fisier HTML
19.04.2018 22:06:18: 

19.04.2018 22:06:18: Aplicatia a fost deschisa
19.04.2018 22:06:18: Versiunea aplicatiei:
19.04.2018 22:06:18: -------------------
19.04.2018 22:06:18: ------1.8.0.14------
19.04.2018 22:06:18: -------------------
19.04.2018 22:06:23: Fisierul C:\Users\Sabin\Documents\Visual Studio 2015\Projects\Aplicatie XLM BAC\Aplicatie XLM BAC\bin\Debug\5_43elevi.xml a fost deschis
19.04.2018 22:06:26: A fost exportat fisierul copie in format HTML -> cu acelasi nume
19.04.2018 22:06:26: Tabelul a fost exportat ca fisier HTML
19.04.2018 22:07:14: 

19.04.2018 22:07:14: Aplicatia a fost deschisa
19.04.2018 22:07:14: Versiunea aplicatiei:
19.04.2018 22:07:14: -------------------
19.04.2018 22:07:14: ------1.8.0.14------
19.04.2018 22:07:14: -------------------
19.04.2018 22:07:24: Fisierul C:\Users\Sabin\Documents\Visual Studio 2015\Projects\Aplicatie XLM BAC\Aplicatie XLM BAC\bin\Debug\5_43elevi.xml a fost deschis
19.04.2018 22:07:28: A fost exportat fisierul copie in format HTML -> cu acelasi nume
19.04.2018 22:07:28: Tabelul a fost exportat ca fisier HTML
20.04.2018 00:09:35: 

20.04.2018 00:09:36: Aplicatia a fost deschisa
20.04.2018 00:09:36: Versiunea aplicatiei:
20.04.2018 00:09:36: -------------------
20.04.2018 00:09:36: ------1.8.0.14------
20.04.2018 00:09:36: -------------------
20.04.2018 00:09:41: Fisierul C:\Users\Sabin\Documents\Visual Studio 2015\Projects\Aplicatie XLM BAC\Aplicatie XLM BAC\bin\Debug\5_43elevi.xml a fost deschis
20.04.2018 00:09:43: A fost exportat fisierul copie in format HTML -> cu acelasi nume
20.04.2018 00:09:44: Tabelul a fost exportat ca fisier HTML
20.04.2018 10:24:16: Aplicatia a fost inchisa
20.04.2018 12:16:51: 

20.04.2018 12:16:51: Aplicatia a fost deschisa
20.04.2018 12:16:51: Versiunea aplicatiei:
20.04.2018 12:16:51: -------------------
20.04.2018 12:16:51: ------1.8.0.14------
20.04.2018 12:16:51: -------------------
20.04.2018 12:16:56: Aplicatia a fost inchisa
20.04.2018 12:17:08: 

20.04.2018 12:17:08: Aplicatia a fost deschisa
20.04.2018 12:17:08: Versiunea aplicatiei:
20.04.2018 12:17:08: -------------------
20.04.2018 12:17:08: ------1.8.0.14------
20.04.2018 12:17:08: -------------------
20.04.2018 12:28:45: 

20.04.2018 12:28:45: Aplicatia a fost deschisa
20.04.2018 12:28:45: Versiunea aplicatiei:
20.04.2018 12:28:45: -------------------
20.04.2018 12:28:45: ------1.8.0.14------
20.04.2018 12:28:45: -------------------
20.04.2018 12:28:56: Aplicatia a fost inchisa
20.04.2018 12:29:11: 

20.04.2018 12:29:11: Aplicatia a fost deschisa
20.04.2018 12:29:11: Versiunea aplicatiei:
20.04.2018 12:29:11: -------------------
20.04.2018 12:29:11: ------1.8.0.14------
20.04.2018 12:29:11: -------------------
20.04.2018 12:30:21: Fisierul C:\Users\Sabin\Documents\Visual Studio 2015\Projects\Aplicatie XLM BAC\Aplicatie XLM BAC\bin\Debug\5_43elevi.xml a fost deschis
20.04.2018 12:30:53: A fost exportat fisierul copie in format HTML -> cu acelasi nume
20.04.2018 12:30:53: Tabelul a fost exportat ca fisier HTML
20.04.2018 12:32:46: 

20.04.2018 12:32:46: Aplicatia a fost deschisa
20.04.2018 12:32:46: Versiunea aplicatiei:
20.04.2018 12:32:46: -------------------
20.04.2018 12:32:46: ------1.8.0.14------
20.04.2018 12:32:46: -------------------
20.04.2018 12:32:57: asda fost adaugat
20.04.2018 12:33:02: qweqwea fost adaugat
20.04.2018 12:34:57: qweeqa fost adaugat
20.04.2018 12:35:28: 

20.04.2018 12:35:28: Aplicatia a fost deschisa
20.04.2018 12:35:28: Versiunea aplicatiei:
20.04.2018 12:35:28: -------------------
20.04.2018 12:35:28: ------1.8.0.14------
20.04.2018 12:35:28: -------------------
20.04.2018 12:35:44: 

20.04.2018 12:35:44: Aplicatia a fost deschisa
20.04.2018 12:35:44: Versiunea aplicatiei:
20.04.2018 12:35:44: -------------------
20.04.2018 12:35:44: ------1.8.0.14------
20.04.2018 12:35:44: -------------------
20.04.2018 12:36:03: Fisierul C:\Users\Sabin\Documents\Visual Studio 2015\Projects\Aplicatie XLM BAC\Aplicatie XLM BAC\bin\Debug\5_43elevi.xml a fost deschis
20.04.2018 12:36:11: C:\Users\Sabin\Documents\Visual Studio 2015\Projects\Aplicatie XLM BAC\Aplicatie XLM BAC\bin\Debug\5_43elevi.xml --- a fost salvat
20.04.2018 12:36:11: A fost exportat fisierul copie in format HTML -> cu acelasi nume
20.04.2018 12:36:16: aera fost adaugat
20.04.2018 12:36:16: 6_5_43elevi.xml --- a fost salvat
20.04.2018 12:36:16: A fost exportat fisierul copie in format HTML -> cu acelasi nume
20.04.2018 12:36:20: erwera fost adaugat
20.04.2018 12:36:20: 6_5_43elevi.xml --- a fost salvat
20.04.2018 12:36:20: A fost exportat fisierul copie in format HTML -> cu acelasi nume
20.04.2018 12:37:31: C:\Users\Sabin\Documents\Visual Studio 2015\Projects\Aplicatie XLM BAC\Aplicatie XLM BAC\bin\Debug\5_43elevi.xml --- a fost salvat
20.04.2018 12:37:31: A fost exportat fisierul copie in format HTML -> cu acelasi nume
23.04.2018 17:11:20: 

23.04.2018 17:11:21: Aplicatia a fost deschisa
23.04.2018 17:11:21: Versiunea aplicatiei:
23.04.2018 17:11:21: -------------------
23.04.2018 17:11:21: ------1.8.0.14------
23.04.2018 17:11:21: -------------------
23.04.2018 17:12:32: 

23.04.2018 17:12:32: Aplicatia a fost deschisa
23.04.2018 17:12:32: Versiunea aplicatiei:
23.04.2018 17:12:32: -------------------
23.04.2018 17:12:32: ------1.8.0.14------
23.04.2018 17:12:32: -------------------
23.04.2018 17:13:23: 

23.04.2018 17:13:23: Aplicatia a fost deschisa
23.04.2018 17:13:23: Versiunea aplicatiei:
23.04.2018 17:13:23: -------------------
23.04.2018 17:13:23: ------1.8.0.14------
23.04.2018 17:13:23: -------------------
23.04.2018 20:35:56: 

23.04.2018 20:35:56: Aplicatia a fost deschisa
23.04.2018 20:35:56: Versiunea aplicatiei:
23.04.2018 20:35:56: -------------------
23.04.2018 20:35:56: ------1.8.0.14------
23.04.2018 20:35:56: -------------------
23.04.2018 20:36:08: A fost exportat fisierul copie in format HTML -> cu acelasi nume
23.04.2018 20:36:08: Tabelul a fost exportat ca fisier HTML
23.04.2018 20:36:12: Fisierul C:\Users\Sabin\Documents\Visual Studio 2015\Projects\Aplicatie XLM BAC\Aplicatie XLM BAC\bin\Debug\1.xml a fost deschis
23.04.2018 20:37:31: 

23.04.2018 20:37:31: Aplicatia a fost deschisa
23.04.2018 20:37:31: Versiunea aplicatiei:
23.04.2018 20:37:31: -------------------
23.04.2018 20:37:31: ------1.8.0.14------
23.04.2018 20:37:31: -------------------
23.04.2018 20:37:35: Fisierul C:\Users\Sabin\Documents\Visual Studio 2015\Projects\Aplicatie XLM BAC\Aplicatie XLM BAC\bin\Debug\1.xml a fost deschis
23.04.2018 20:37:35: Erori la citirea fisierului
23.04.2018 20:37:35: Fisierul C:\Users\Sabin\Documents\Visual Studio 2015\Projects\Aplicatie XLM BAC\Aplicatie XLM BAC\bin\Debug\1.xml este gol
23.04.2018 20:39:30: 

23.04.2018 20:39:30: Aplicatia a fost deschisa
23.04.2018 20:39:30: Versiunea aplicatiei:
23.04.2018 20:39:30: -------------------
23.04.2018 20:39:30: ------1.8.0.14------
23.04.2018 20:39:30: -------------------
23.04.2018 20:39:39: A fost exportat fisierul copie in format HTML -> cu acelasi nume
23.04.2018 20:39:39: Tabelul a fost exportat ca fisier HTML
23.04.2018 20:39:42: Fisierul C:\Users\Sabin\Documents\Visual Studio 2015\Projects\Aplicatie XLM BAC\Aplicatie XLM BAC\bin\Debug\1.xml a fost deschis
23.04.2018 20:39:42: Erori la citirea fisierului
23.04.2018 20:39:42: Fisierul C:\Users\Sabin\Documents\Visual Studio 2015\Projects\Aplicatie XLM BAC\Aplicatie XLM BAC\bin\Debug\1.xml este gol
23.04.2018 20:39:50: Fisierul C:\Users\Sabin\Documents\Visual Studio 2015\Projects\Aplicatie XLM BAC\Aplicatie XLM BAC\bin\Debug\1.xml a fost deschis
23.04.2018 20:39:50: Erori la citirea fisierului
23.04.2018 20:39:50: Fisierul C:\Users\Sabin\Documents\Visual Studio 2015\Projects\Aplicatie XLM BAC\Aplicatie XLM BAC\bin\Debug\1.xml este gol
23.04.2018 20:39:54: Aplicatia a fost inchisa
23.04.2018 20:40:50: 

23.04.2018 20:40:50: Aplicatia a fost deschisa
23.04.2018 20:40:50: Versiunea aplicatiei:
23.04.2018 20:40:50: -------------------
23.04.2018 20:40:50: ------1.8.0.14------
23.04.2018 20:40:50: -------------------
23.04.2018 20:40:54: A fost exportat fisierul copie in format HTML -> cu acelasi nume
23.04.2018 20:40:54: Fisierul a fost superscris cu datele actualizate
23.04.2018 20:43:26: 

23.04.2018 20:43:26: Aplicatia a fost deschisa
23.04.2018 20:43:26: Versiunea aplicatiei:
23.04.2018 20:43:26: -------------------
23.04.2018 20:43:26: ------1.8.0.14------
23.04.2018 20:43:26: -------------------
23.04.2018 20:43:30: Fisierul C:\Users\Sabin\Documents\Visual Studio 2015\Projects\Aplicatie XLM BAC\Aplicatie XLM BAC\bin\Debug\1.xml a fost deschis
23.04.2018 20:43:31: Erori la citirea fisierului
23.04.2018 20:43:31: Fisierul C:\Users\Sabin\Documents\Visual Studio 2015\Projects\Aplicatie XLM BAC\Aplicatie XLM BAC\bin\Debug\1.xml este gol
23.04.2018 20:48:54: 

23.04.2018 20:48:54: Aplicatia a fost deschisa
23.04.2018 20:48:54: Versiunea aplicatiei:
23.04.2018 20:48:54: -------------------
23.04.2018 20:48:54: ------1.8.0.14------
23.04.2018 20:48:54: -------------------
23.04.2018 20:48:59: Fisierul C:\Users\Sabin\Documents\Visual Studio 2015\Projects\Aplicatie XLM BAC\Aplicatie XLM BAC\bin\Debug\1.xml a fost deschis
23.04.2018 20:48:59: Erori la citirea fisierului
23.04.2018 20:48:59: Fisierul C:\Users\Sabin\Documents\Visual Studio 2015\Projects\Aplicatie XLM BAC\Aplicatie XLM BAC\bin\Debug\1.xml este gol
23.04.2018 20:51:49: 

23.04.2018 20:51:49: Aplicatia a fost deschisa
23.04.2018 20:51:49: Versiunea aplicatiei:
23.04.2018 20:51:49: -------------------
23.04.2018 20:51:49: ------1.8.0.14------
23.04.2018 20:51:49: -------------------
23.04.2018 20:51:54: Fisierul C:\Users\Sabin\Documents\Visual Studio 2015\Projects\Aplicatie XLM BAC\Aplicatie XLM BAC\bin\Debug\1.xml a fost deschis
23.04.2018 20:51:54: Erori la citirea fisierului
23.04.2018 20:51:54: Fisierul C:\Users\Sabin\Documents\Visual Studio 2015\Projects\Aplicatie XLM BAC\Aplicatie XLM BAC\bin\Debug\1.xml este gol
23.04.2018 20:51:54: Erori la citirea fisierului
23.04.2018 20:51:54: Fisierul C:\Users\Sabin\Documents\Visual Studio 2015\Projects\Aplicatie XLM BAC\Aplicatie XLM BAC\bin\Debug\1.xml este gol
23.04.2018 20:52:00: Fisierul C:\Users\Sabin\Documents\Visual Studio 2015\Projects\Aplicatie XLM BAC\Aplicatie XLM BAC\bin\Debug\1.xml a fost deschis
23.04.2018 20:52:00: Erori la citirea fisierului
23.04.2018 20:52:00: Fisierul C:\Users\Sabin\Documents\Visual Studio 2015\Projects\Aplicatie XLM BAC\Aplicatie XLM BAC\bin\Debug\1.xml este gol
23.04.2018 20:52:01: Erori la citirea fisierului
23.04.2018 20:52:01: Fisierul C:\Users\Sabin\Documents\Visual Studio 2015\Projects\Aplicatie XLM BAC\Aplicatie XLM BAC\bin\Debug\1.xml este gol
23.04.2018 20:52:02: C:\Users\Sabin\Documents\Visual Studio 2015\Projects\Aplicatie XLM BAC\Aplicatie XLM BAC\bin\Debug\1.xml --- a fost salvat
23.04.2018 20:52:33: 

23.04.2018 20:52:33: Aplicatia a fost deschisa
23.04.2018 20:52:33: Versiunea aplicatiei:
23.04.2018 20:52:33: -------------------
23.04.2018 20:52:33: ------1.8.0.14------
23.04.2018 20:52:33: -------------------
23.04.2018 20:54:28: 

23.04.2018 20:54:28: Aplicatia a fost deschisa
23.04.2018 20:54:28: Versiunea aplicatiei:
23.04.2018 20:54:28: -------------------
23.04.2018 20:54:28: ------1.8.0.14------
23.04.2018 20:54:28: -------------------
23.04.2018 20:56:05: 

23.04.2018 20:56:05: Aplicatia a fost deschisa
23.04.2018 20:56:05: Versiunea aplicatiei:
23.04.2018 20:56:05: -------------------
23.04.2018 20:56:05: ------1.8.0.14------
23.04.2018 20:56:05: -------------------
23.04.2018 20:56:09: Fisierul a fost superscris cu datele actualizate
23.04.2018 21:02:27: 

23.04.2018 21:02:27: Aplicatia a fost deschisa
23.04.2018 21:02:27: Versiunea aplicatiei:
23.04.2018 21:02:27: -------------------
23.04.2018 21:02:27: ------1.8.0.14------
23.04.2018 21:02:27: -------------------
23.04.2018 21:02:32: Fisierul a fost superscris cu datele actualizate
23.04.2018 21:02:49: Eroare: The URL cannot be empty.
Parameter name: url
23.04.2018 21:05:36: 

23.04.2018 21:05:36: Aplicatia a fost deschisa
23.04.2018 21:05:36: Versiunea aplicatiei:
23.04.2018 21:05:36: -------------------
23.04.2018 21:05:36: ------1.8.0.14------
23.04.2018 21:05:36: -------------------
23.04.2018 21:05:43: Fisierul C:\Users\Sabin\Documents\Visual Studio 2015\Projects\Aplicatie XLM BAC\Aplicatie XLM BAC\bin\Debug\1.xml a fost deschis
23.04.2018 21:05:47: C:\Users\Sabin\Documents\Visual Studio 2015\Projects\Aplicatie XLM BAC\Aplicatie XLM BAC\bin\Debug\1.xml --- a fost salvat
23.04.2018 21:05:47: A fost exportat fisierul copie in format HTML -> cu acelasi nume
23.04.2018 21:05:52: C:\Users\Sabin\Documents\Visual Studio 2015\Projects\Aplicatie XLM BAC\Aplicatie XLM BAC\bin\Debug\1.xml --- a fost salvat
23.04.2018 21:05:52: A fost exportat fisierul copie in format HTML -> cu acelasi nume
23.04.2018 21:05:57: C:\Users\Sabin\Documents\Visual Studio 2015\Projects\Aplicatie XLM BAC\Aplicatie XLM BAC\bin\Debug\1.xml --- a fost salvat
23.04.2018 21:05:57: A fost exportat fisierul copie in format HTML -> cu acelasi nume
23.04.2018 21:06:00: C:\Users\Sabin\Documents\Visual Studio 2015\Projects\Aplicatie XLM BAC\Aplicatie XLM BAC\bin\Debug\1.xml --- a fost salvat
23.04.2018 21:06:00: A fost exportat fisierul copie in format HTML -> cu acelasi nume
23.04.2018 21:06:31: a fost adaugat
23.04.2018 21:06:31: 2_1.xml --- a fost salvat
23.04.2018 21:06:31: A fost exportat fisierul copie in format HTML -> cu acelasi nume
23.04.2018 21:06:32: A fost exportat fisierul copie in format HTML -> cu acelasi nume
23.04.2018 21:06:32: Tabelul a fost exportat ca fisier HTML
23.04.2018 21:06:35: a fost adaugat
23.04.2018 21:06:35: 2_1.xml --- a fost salvat
23.04.2018 21:06:35: A fost exportat fisierul copie in format HTML -> cu acelasi nume
23.04.2018 21:06:36: C:\Users\Sabin\Documents\Visual Studio 2015\Projects\Aplicatie XLM BAC\Aplicatie XLM BAC\bin\Debug\1.xml --- a fost salvat
23.04.2018 21:06:36: A fost exportat fisierul copie in format HTML -> cu acelasi nume
23.04.2018 21:06:41: 

23.04.2018 21:06:41: Aplicatia a fost deschisa
23.04.2018 21:06:41: Versiunea aplicatiei:
23.04.2018 21:06:41: -------------------
23.04.2018 21:06:41: ------1.8.0.14------
23.04.2018 21:06:41: -------------------
23.04.2018 21:06:45: Fisierul a fost superscris cu datele actualizate
23.04.2018 21:06:51: Eroare: The URL cannot be empty.
Parameter name: url
23.04.2018 21:10:22: 

23.04.2018 21:10:22: Aplicatia a fost deschisa
23.04.2018 21:10:22: Versiunea aplicatiei:
23.04.2018 21:10:22: -------------------
23.04.2018 21:10:22: ------1.8.0.14------
23.04.2018 21:10:22: -------------------
23.04.2018 21:10:26: Fisierul a fost superscris cu datele actualizate
23.04.2018 21:10:36: Eroare: The URL cannot be empty.
Parameter name: url
23.04.2018 21:10:36: A fost exportat fisierul copie in format HTML -> cu acelasi nume
23.04.2018 21:10:50: 

23.04.2018 21:10:50: Aplicatia a fost deschisa
23.04.2018 21:10:50: Versiunea aplicatiei:
23.04.2018 21:10:50: -------------------
23.04.2018 21:10:50: ------1.8.0.14------
23.04.2018 21:10:50: -------------------
23.04.2018 21:10:55: Fisierul a fost superscris cu datele actualizate
23.04.2018 21:10:57: Eroare: The URL cannot be empty.
Parameter name: url
23.04.2018 21:12:05: 

23.04.2018 21:12:05: Aplicatia a fost deschisa
23.04.2018 21:12:05: Versiunea aplicatiei:
23.04.2018 21:12:05: -------------------
23.04.2018 21:12:05: ------1.8.0.14------
23.04.2018 21:12:05: -------------------
23.04.2018 21:12:14: Fisierul C:\Users\Sabin\Documents\Visual Studio 2015\Projects\Aplicatie XLM BAC\Aplicatie XLM BAC\bin\Debug\17.xml a fost deschis
23.04.2018 21:12:14: Erori la citirea fisierului
23.04.2018 21:12:14: Fisierul C:\Users\Sabin\Documents\Visual Studio 2015\Projects\Aplicatie XLM BAC\Aplicatie XLM BAC\bin\Debug\17.xml este gol
23.04.2018 21:12:14: Erori la citirea fisierului
23.04.2018 21:12:14: Fisierul C:\Users\Sabin\Documents\Visual Studio 2015\Projects\Aplicatie XLM BAC\Aplicatie XLM BAC\bin\Debug\17.xml este gol
23.04.2018 21:12:18: Aplicatia a fost inchisa
23.04.2018 21:13:48: 

23.04.2018 21:13:48: Aplicatia a fost deschisa
23.04.2018 21:13:48: Versiunea aplicatiei:
23.04.2018 21:13:48: -------------------
23.04.2018 21:13:48: ------1.8.0.14------
23.04.2018 21:13:48: -------------------
23.04.2018 21:13:52: Fisierul C:\Users\Sabin\Documents\Visual Studio 2015\Projects\Aplicatie XLM BAC\Aplicatie XLM BAC\bin\Debug\1.xml a fost deschis
23.04.2018 21:14:02: Fisierul C:\Users\Sabin\Documents\Visual Studio 2015\Projects\Aplicatie XLM BAC\Aplicatie XLM BAC\bin\Debug\2.xml a fost deschis
23.04.2018 21:14:02: Erori la citirea fisierului
23.04.2018 21:14:02: Fisierul C:\Users\Sabin\Documents\Visual Studio 2015\Projects\Aplicatie XLM BAC\Aplicatie XLM BAC\bin\Debug\2.xml este gol
23.04.2018 21:14:02: Erori la citirea fisierului
23.04.2018 21:14:02: Fisierul C:\Users\Sabin\Documents\Visual Studio 2015\Projects\Aplicatie XLM BAC\Aplicatie XLM BAC\bin\Debug\2.xml este gol
23.04.2018 21:14:10: Fisierul C:\Users\Sabin\Documents\Visual Studio 2015\Projects\Aplicatie XLM BAC\Aplicatie XLM BAC\bin\Debug\12a.xml a fost deschis
23.04.2018 21:14:11: Erori la citirea fisierului
23.04.2018 21:14:11: Fisierul C:\Users\Sabin\Documents\Visual Studio 2015\Projects\Aplicatie XLM BAC\Aplicatie XLM BAC\bin\Debug\12a.xml este gol
23.04.2018 21:14:11: Erori la citirea fisierului
23.04.2018 21:14:11: Fisierul C:\Users\Sabin\Documents\Visual Studio 2015\Projects\Aplicatie XLM BAC\Aplicatie XLM BAC\bin\Debug\12a.xml este gol
23.04.2018 21:14:16: Fisierul C:\Users\Sabin\Documents\Visual Studio 2015\Projects\Aplicatie XLM BAC\Aplicatie XLM BAC\bin\Debug\17.xml a fost deschis
23.04.2018 21:14:16: Erori la citirea fisierului
23.04.2018 21:14:16: Fisierul C:\Users\Sabin\Documents\Visual Studio 2015\Projects\Aplicatie XLM BAC\Aplicatie XLM BAC\bin\Debug\17.xml este gol
23.04.2018 21:14:16: Erori la citirea fisierului
23.04.2018 21:14:16: Fisierul C:\Users\Sabin\Documents\Visual Studio 2015\Projects\Aplicatie XLM BAC\Aplicatie XLM BAC\bin\Debug\17.xml este gol
23.04.2018 21:14:19: Aplicatia a fost inchisa
23.04.2018 21:16:10: 

23.04.2018 21:16:10: Aplicatia a fost deschisa
23.04.2018 21:16:10: Versiunea aplicatiei:
23.04.2018 21:16:10: -------------------
23.04.2018 21:16:10: ------1.8.0.14------
23.04.2018 21:16:10: -------------------
23.04.2018 21:16:16: Fisierul C:\Users\Sabin\Documents\Visual Studio 2015\Projects\Aplicatie XLM BAC\Aplicatie XLM BAC\bin\Debug\17.xml a fost deschis
23.04.2018 21:16:16: Erori la citirea fisierului C:\Users\Sabin\Documents\Visual Studio 2015\Projects\Aplicatie XLM BAC\Aplicatie XLM BAC\bin\Debug\17.xml
23.04.2018 21:16:16: Fisierul C:\Users\Sabin\Documents\Visual Studio 2015\Projects\Aplicatie XLM BAC\Aplicatie XLM BAC\bin\Debug\17.xml este gol
23.04.2018 21:16:16: Erori la citirea fisierului
23.04.2018 21:16:16: Fisierul C:\Users\Sabin\Documents\Visual Studio 2015\Projects\Aplicatie XLM BAC\Aplicatie XLM BAC\bin\Debug\17.xml este gol
23.04.2018 21:17:08: 

23.04.2018 21:17:08: Aplicatia a fost deschisa
23.04.2018 21:17:08: Versiunea aplicatiei:
23.04.2018 21:17:08: -------------------
23.04.2018 21:17:08: ------1.8.0.14------
23.04.2018 21:17:08: -------------------
23.04.2018 21:17:13: Fisierul C:\Users\Sabin\Documents\Visual Studio 2015\Projects\Aplicatie XLM BAC\Aplicatie XLM BAC\bin\Debug\17.xml a fost deschis
23.04.2018 21:17:15: Erori la citirea fisierului C:\Users\Sabin\Documents\Visual Studio 2015\Projects\Aplicatie XLM BAC\Aplicatie XLM BAC\bin\Debug\17.xml
23.04.2018 21:17:15: Fisierul C:\Users\Sabin\Documents\Visual Studio 2015\Projects\Aplicatie XLM BAC\Aplicatie XLM BAC\bin\Debug\17.xml este gol
23.04.2018 21:17:15: Erori la citirea fisierului
23.04.2018 21:17:15: Fisierul C:\Users\Sabin\Documents\Visual Studio 2015\Projects\Aplicatie XLM BAC\Aplicatie XLM BAC\bin\Debug\17.xml este gol
23.04.2018 21:17:22: Fisierul C:\Users\Sabin\Documents\Visual Studio 2015\Projects\Aplicatie XLM BAC\Aplicatie XLM BAC\bin\Debug\16.xml a fost deschis
23.04.2018 21:17:25: Erori la citirea fisierului C:\Users\Sabin\Documents\Visual Studio 2015\Projects\Aplicatie XLM BAC\Aplicatie XLM BAC\bin\Debug\16.xml
23.04.2018 21:17:25: Fisierul C:\Users\Sabin\Documents\Visual Studio 2015\Projects\Aplicatie XLM BAC\Aplicatie XLM BAC\bin\Debug\16.xml este gol
23.04.2018 21:17:25: Erori la citirea fisierului
23.04.2018 21:17:25: Fisierul C:\Users\Sabin\Documents\Visual Studio 2015\Projects\Aplicatie XLM BAC\Aplicatie XLM BAC\bin\Debug\16.xml este gol
23.04.2018 21:18:40: 

23.04.2018 21:18:40: Aplicatia a fost deschisa
23.04.2018 21:18:40: Versiunea aplicatiei:
23.04.2018 21:18:40: -------------------
23.04.2018 21:18:40: ------1.8.0.14------
23.04.2018 21:18:40: -------------------
23.04.2018 21:18:45: Fisierul C:\Users\Sabin\Documents\Visual Studio 2015\Projects\Aplicatie XLM BAC\Aplicatie XLM BAC\bin\Debug\17.xml a fost deschis
23.04.2018 21:18:45: Erori la citirea fisierului C:\Users\Sabin\Documents\Visual Studio 2015\Projects\Aplicatie XLM BAC\Aplicatie XLM BAC\bin\Debug\17.xml
23.04.2018 21:18:45: Fisierul C:\Users\Sabin\Documents\Visual Studio 2015\Projects\Aplicatie XLM BAC\Aplicatie XLM BAC\bin\Debug\17.xml este gol
23.04.2018 21:18:54: Erori la citirea fisierului
23.04.2018 21:18:54: Fisierul C:\Users\Sabin\Documents\Visual Studio 2015\Projects\Aplicatie XLM BAC\Aplicatie XLM BAC\bin\Debug\17.xml este gol
23.04.2018 21:18:58: Fisierul C:\Users\Sabin\Documents\Visual Studio 2015\Projects\Aplicatie XLM BAC\Aplicatie XLM BAC\bin\Debug\1_proba.xml a fost deschis
23.04.2018 21:19:11: Fisierul C:\Users\Sabin\Documents\Visual Studio 2015\Projects\Aplicatie XLM BAC\Aplicatie XLM BAC\bin\Debug\1_asdasdasd.xml a fost deschis
23.04.2018 21:19:11: Erori la citirea fisierului C:\Users\Sabin\Documents\Visual Studio 2015\Projects\Aplicatie XLM BAC\Aplicatie XLM BAC\bin\Debug\1_asdasdasd.xml
23.04.2018 21:19:11: Fisierul C:\Users\Sabin\Documents\Visual Studio 2015\Projects\Aplicatie XLM BAC\Aplicatie XLM BAC\bin\Debug\1_asdasdasd.xml este gol
23.04.2018 21:19:36: Erori la citirea fisierului
23.04.2018 21:19:36: Fisierul C:\Users\Sabin\Documents\Visual Studio 2015\Projects\Aplicatie XLM BAC\Aplicatie XLM BAC\bin\Debug\1_asdasdasd.xml este gol
23.04.2018 22:15:04: 

23.04.2018 22:15:04: Aplicatia a fost deschisa
23.04.2018 22:15:04: Versiunea aplicatiei:
23.04.2018 22:15:04: -------------------
23.04.2018 22:15:04: ------1.8.0.14------
23.04.2018 22:15:04: -------------------
23.04.2018 22:15:10: Fisierul C:\Users\Sabin\Documents\Visual Studio 2015\Projects\Aplicatie XLM BAC\Aplicatie XLM BAC\bin\Debug\2_123123123.xml a fost deschis
23.04.2018 22:21:26: 

23.04.2018 22:21:26: Aplicatia a fost deschisa
23.04.2018 22:21:26: Versiunea aplicatiei:
23.04.2018 22:21:26: -------------------
23.04.2018 22:21:26: ------1.8.0.14------
23.04.2018 22:21:26: -------------------
23.04.2018 22:21:33: Fisierul C:\Users\Sabin\Documents\Visual Studio 2015\Projects\Aplicatie XLM BAC\Aplicatie XLM BAC\bin\Debug\1_asdasdasd.xml a fost deschis
23.04.2018 22:21:33: Erori la citirea fisierului C:\Users\Sabin\Documents\Visual Studio 2015\Projects\Aplicatie XLM BAC\Aplicatie XLM BAC\bin\Debug\1_asdasdasd.xml
23.04.2018 22:21:33: Fisierul C:\Users\Sabin\Documents\Visual Studio 2015\Projects\Aplicatie XLM BAC\Aplicatie XLM BAC\bin\Debug\1_asdasdasd.xml este gol
23.04.2018 22:21:42: Erori la citirea fisierului
23.04.2018 22:21:42: Fisierul C:\Users\Sabin\Documents\Visual Studio 2015\Projects\Aplicatie XLM BAC\Aplicatie XLM BAC\bin\Debug\1_asdasdasd.xml este gol
23.04.2018 22:22:54: 

23.04.2018 22:22:54: Aplicatia a fost deschisa
23.04.2018 22:22:54: Versiunea aplicatiei:
23.04.2018 22:22:54: -------------------
23.04.2018 22:22:54: ------1.8.0.14------
23.04.2018 22:22:54: -------------------
23.04.2018 22:23:00: Fisierul C:\Users\Sabin\Documents\Visual Studio 2015\Projects\Aplicatie XLM BAC\Aplicatie XLM BAC\bin\Debug\2_123123123.xml a fost deschis
23.04.2018 22:23:34: 

23.04.2018 22:23:34: Aplicatia a fost deschisa
23.04.2018 22:23:34: Versiunea aplicatiei:
23.04.2018 22:23:34: -------------------
23.04.2018 22:23:34: ------1.8.0.14------
23.04.2018 22:23:34: -------------------
23.04.2018 22:23:39: Fisierul C:\Users\Sabin\Documents\Visual Studio 2015\Projects\Aplicatie XLM BAC\Aplicatie XLM BAC\bin\Debug\2_123123123.xml a fost deschis
23.04.2018 22:24:05: 

23.04.2018 22:24:05: Aplicatia a fost deschisa
23.04.2018 22:24:05: Versiunea aplicatiei:
23.04.2018 22:24:05: -------------------
23.04.2018 22:24:05: ------1.8.0.14------
23.04.2018 22:24:05: -------------------
23.04.2018 22:24:10: Fisierul C:\Users\Sabin\Documents\Visual Studio 2015\Projects\Aplicatie XLM BAC\Aplicatie XLM BAC\bin\Debug\2_123123123.xml a fost deschis
23.04.2018 22:25:02: 

23.04.2018 22:25:02: Aplicatia a fost deschisa
23.04.2018 22:25:02: Versiunea aplicatiei:
23.04.2018 22:25:02: -------------------
23.04.2018 22:25:02: ------1.8.0.14------
23.04.2018 22:25:02: -------------------
23.04.2018 22:25:07: Fisierul C:\Users\Sabin\Documents\Visual Studio 2015\Projects\Aplicatie XLM BAC\Aplicatie XLM BAC\bin\Debug\2_123123123.xml a fost deschis
23.04.2018 22:25:30: 

23.04.2018 22:25:30: Aplicatia a fost deschisa
23.04.2018 22:25:30: Versiunea aplicatiei:
23.04.2018 22:25:30: -------------------
23.04.2018 22:25:30: ------1.8.0.14------
23.04.2018 22:25:30: -------------------
23.04.2018 22:25:34: Fisierul C:\Users\Sabin\Documents\Visual Studio 2015\Projects\Aplicatie XLM BAC\Aplicatie XLM BAC\bin\Debug\2_123123123.xml a fost deschis
23.04.2018 22:25:58: Aplicatia a fost inchisa
23.04.2018 22:26:15: 

23.04.2018 22:26:15: Aplicatia a fost deschisa
23.04.2018 22:26:15: Versiunea aplicatiei:
23.04.2018 22:26:15: -------------------
23.04.2018 22:26:15: ------1.8.0.14------
23.04.2018 22:26:15: -------------------
23.04.2018 22:26:19: Fisierul a fost superscris cu datele actualizate
23.04.2018 22:29:31: 

23.04.2018 22:29:31: Aplicatia a fost deschisa
23.04.2018 22:29:31: Versiunea aplicatiei:
23.04.2018 22:29:31: -------------------
23.04.2018 22:29:31: ------1.8.0.14------
23.04.2018 22:29:31: -------------------
23.04.2018 22:29:35: Fisierul a fost superscris cu datele actualizate
23.04.2018 22:29:39: Fisierul a fost superscris cu datele actualizate
23.04.2018 22:29:43: Fisierul a fost superscris cu datele actualizate
23.04.2018 22:29:50: Fisierul a fost superscris cu datele actualizate
23.04.2018 22:33:15: 

23.04.2018 22:33:15: Aplicatia a fost deschisa
23.04.2018 22:33:15: Versiunea aplicatiei:
23.04.2018 22:33:15: -------------------
23.04.2018 22:33:15: ------1.8.0.14------
23.04.2018 22:33:15: -------------------
23.04.2018 22:33:27: Fisierul C:\Users\Sabin\Documents\Visual Studio 2015\Projects\Aplicatie XLM BAC\Aplicatie XLM BAC\bin\Debug\2_1_qqq.xml a fost deschis
23.04.2018 22:33:31: C:\Users\Sabin\Documents\Visual Studio 2015\Projects\Aplicatie XLM BAC\Aplicatie XLM BAC\bin\Debug\2_1_qqq.xml --- a fost salvat
23.04.2018 22:33:31: A fost exportat fisierul copie in format HTML -> cu acelasi nume
23.04.2018 22:42:10: 

23.04.2018 22:42:10: Aplicatia a fost deschisa
23.04.2018 22:42:10: Versiunea aplicatiei:
23.04.2018 22:42:10: -------------------
23.04.2018 22:42:10: ------1.8.0.14------
23.04.2018 22:42:10: -------------------
23.04.2018 22:43:32: 

23.04.2018 22:43:32: Aplicatia a fost deschisa
23.04.2018 22:43:32: Versiunea aplicatiei:
23.04.2018 22:43:32: -------------------
23.04.2018 22:43:32: ------1.8.0.14------
23.04.2018 22:43:32: -------------------
23.04.2018 22:44:17: 

23.04.2018 22:44:17: Aplicatia a fost deschisa
23.04.2018 22:44:17: Versiunea aplicatiei:
23.04.2018 22:44:17: -------------------
23.04.2018 22:44:17: ------1.8.0.14------
23.04.2018 22:44:17: -------------------
23.04.2018 22:54:25: 

23.04.2018 22:54:25: Aplicatia a fost deschisa
23.04.2018 22:54:25: Versiunea aplicatiei:
23.04.2018 22:54:25: -------------------
23.04.2018 22:54:25: ------1.8.0.14------
23.04.2018 22:54:25: -------------------
23.04.2018 22:54:31: Erori la citirea fisierului
23.04.2018 22:54:31: Fisierul  este gol
23.04.2018 22:56:34: 

23.04.2018 22:56:34: Aplicatia a fost deschisa
23.04.2018 22:56:34: Versiunea aplicatiei:
23.04.2018 22:56:34: -------------------
23.04.2018 22:56:34: ------1.8.0.14------
23.04.2018 22:56:34: -------------------
23.04.2018 22:56:43: Aplicatia a fost inchisa
23.04.2018 23:35:49: 

23.04.2018 23:35:49: Aplicatia a fost deschisa
23.04.2018 23:35:49: Versiunea aplicatiei:
23.04.2018 23:35:49: -------------------
23.04.2018 23:35:49: ------1.8.0.14------
23.04.2018 23:35:49: -------------------
23.04.2018 23:40:38: 

23.04.2018 23:40:38: Aplicatia a fost deschisa
23.04.2018 23:40:38: Versiunea aplicatiei:
23.04.2018 23:40:38: -------------------
23.04.2018 23:40:38: ------1.8.0.14------
23.04.2018 23:40:38: -------------------
23.04.2018 23:41:04: 

23.04.2018 23:41:04: Aplicatia a fost deschisa
23.04.2018 23:41:04: Versiunea aplicatiei:
23.04.2018 23:41:04: -------------------
23.04.2018 23:41:04: ------1.8.0.14------
23.04.2018 23:41:04: -------------------
23.04.2018 23:44:59: 

23.04.2018 23:44:59: Aplicatia a fost deschisa
23.04.2018 23:44:59: Versiunea aplicatiei:
23.04.2018 23:44:59: -------------------
23.04.2018 23:44:59: ------1.8.0.14------
23.04.2018 23:44:59: -------------------
23.04.2018 23:45:34: 

23.04.2018 23:45:34: Aplicatia a fost deschisa
23.04.2018 23:45:34: Versiunea aplicatiei:
23.04.2018 23:45:34: -------------------
23.04.2018 23:45:34: ------1.8.0.14------
23.04.2018 23:45:34: -------------------
23.04.2018 23:45:45: 

23.04.2018 23:45:45: Aplicatia a fost deschisa
23.04.2018 23:45:45: Versiunea aplicatiei:
23.04.2018 23:45:45: -------------------
23.04.2018 23:45:45: ------1.8.0.14------
23.04.2018 23:45:45: -------------------
23.04.2018 23:45:47: a fost adaugat
24.04.2018 00:00:34: 

24.04.2018 00:00:34: Aplicatia a fost deschisa
24.04.2018 00:00:34: Versiunea aplicatiei:
24.04.2018 00:00:34: -------------------
24.04.2018 00:00:34: ------1.8.0.14------
24.04.2018 00:00:34: -------------------
24.04.2018 00:00:35: a fost adaugat
24.04.2018 00:00:37: a fost adaugat
24.04.2018 00:00:38: a fost adaugat
24.04.2018 00:00:40: a fost adaugat
24.04.2018 00:01:46: 

24.04.2018 00:01:46: Aplicatia a fost deschisa
24.04.2018 00:01:46: Versiunea aplicatiei:
24.04.2018 00:01:46: -------------------
24.04.2018 00:01:46: ------1.8.0.14------
24.04.2018 00:01:46: -------------------
24.04.2018 00:02:05: Eroare: The URL cannot be empty.
Parameter name: url
24.04.2018 00:02:05: A fost exportat fisierul copie in format HTML -> cu acelasi nume
24.04.2018 00:02:47: 

24.04.2018 00:02:47: Aplicatia a fost deschisa
24.04.2018 00:02:47: Versiunea aplicatiei:
24.04.2018 00:02:47: -------------------
24.04.2018 00:02:47: ------1.8.0.14------
24.04.2018 00:02:47: -------------------
24.04.2018 00:03:44: 

24.04.2018 00:03:44: Aplicatia a fost deschisa
24.04.2018 00:03:44: Versiunea aplicatiei:
24.04.2018 00:03:44: -------------------
24.04.2018 00:03:44: ------1.8.0.14------
24.04.2018 00:03:44: -------------------
24.04.2018 00:05:43: 

24.04.2018 00:05:43: Aplicatia a fost deschisa
24.04.2018 00:05:43: Versiunea aplicatiei:
24.04.2018 00:05:43: -------------------
24.04.2018 00:05:43: ------1.8.0.14------
24.04.2018 00:05:43: -------------------
24.04.2018 00:12:47: 

24.04.2018 00:12:47: Aplicatia a fost deschisa
24.04.2018 00:12:47: Versiunea aplicatiei:
24.04.2018 00:12:47: -------------------
24.04.2018 00:12:47: ------1.8.0.14------
24.04.2018 00:12:47: -------------------
24.04.2018 00:12:55: Fisierul C:\Users\Sabin\Documents\Visual Studio 2015\Projects\Aplicatie XLM BAC\Aplicatie XLM BAC\bin\Debug\1.xml a fost deschis
24.04.2018 00:13:14: 654 a fost adaugat
24.04.2018 00:13:14: 2_1.xml --- a fost salvat
24.04.2018 00:13:14: A fost exportat fisierul copie in format HTML -> cu acelasi nume
24.04.2018 00:13:18: 654 a fost adaugat
24.04.2018 00:13:18: 2_1.xml --- a fost salvat
24.04.2018 00:13:18: A fost exportat fisierul copie in format HTML -> cu acelasi nume
24.04.2018 00:13:20: C:\Users\Sabin\Documents\Visual Studio 2015\Projects\Aplicatie XLM BAC\Aplicatie XLM BAC\bin\Debug\1.xml --- a fost salvat
24.04.2018 00:13:20: A fost exportat fisierul copie in format HTML -> cu acelasi nume
24.04.2018 00:13:26: A fost exportat fisierul copie in format HTML -> cu acelasi nume
24.04.2018 00:13:31: A fost exportat fisierul copie in format HTML -> cu acelasi nume
24.04.2018 00:13:35: Aplicatia a fost inchisa
24.04.2018 00:15:32: 

24.04.2018 00:15:32: Aplicatia a fost deschisa
24.04.2018 00:15:32: Versiunea aplicatiei:
24.04.2018 00:15:32: -------------------
24.04.2018 00:15:32: ------1.8.0.14------
24.04.2018 00:15:32: -------------------
24.04.2018 00:15:36: Erori la citirea fisierului
24.04.2018 00:15:36: Fisierul  este gol
24.04.2018 00:15:54: Fisierul C:\Users\Sabin\Documents\Visual Studio 2015\Projects\Aplicatie XLM BAC\Aplicatie XLM BAC\bin\Debug\2.xml a fost deschis
24.04.2018 00:15:54: Erori la citirea fisierului C:\Users\Sabin\Documents\Visual Studio 2015\Projects\Aplicatie XLM BAC\Aplicatie XLM BAC\bin\Debug\2.xml
24.04.2018 00:15:54: Fisierul C:\Users\Sabin\Documents\Visual Studio 2015\Projects\Aplicatie XLM BAC\Aplicatie XLM BAC\bin\Debug\2.xml este gol
24.04.2018 00:15:54: Erori la citirea fisierului
24.04.2018 00:15:54: Fisierul C:\Users\Sabin\Documents\Visual Studio 2015\Projects\Aplicatie XLM BAC\Aplicatie XLM BAC\bin\Debug\2.xml este gol
24.04.2018 00:16:16: wer a fost adaugat
24.04.2018 00:16:16: 3_2.xml --- a fost salvat
24.04.2018 00:16:16: A fost exportat fisierul copie in format HTML -> cu acelasi nume
24.04.2018 00:16:25: Eroare: Root element is missing.
24.04.2018 00:16:25: Eroare: Could not find file 'C:\Users\Sabin\Documents\Visual Studio 2015\Projects\Aplicatie XLM BAC\Aplicatie XLM BAC\bin\Debug\2.xml.xml'.
24.04.2018 00:17:29: 

24.04.2018 00:17:29: Aplicatia a fost deschisa
24.04.2018 00:17:29: Versiunea aplicatiei:
24.04.2018 00:17:29: -------------------
24.04.2018 00:17:29: ------1.8.0.14------
24.04.2018 00:17:29: -------------------
24.04.2018 00:17:39: Fisierul C:\Users\Sabin\Documents\Visual Studio 2015\Projects\Aplicatie XLM BAC\Aplicatie XLM BAC\bin\Debug\2.xml a fost deschis
24.04.2018 00:17:40: Erori la citirea fisierului C:\Users\Sabin\Documents\Visual Studio 2015\Projects\Aplicatie XLM BAC\Aplicatie XLM BAC\bin\Debug\2.xml
24.04.2018 00:17:40: Fisierul C:\Users\Sabin\Documents\Visual Studio 2015\Projects\Aplicatie XLM BAC\Aplicatie XLM BAC\bin\Debug\2.xml este gol
24.04.2018 00:17:40: Erori la citirea fisierului
24.04.2018 00:17:40: Fisierul C:\Users\Sabin\Documents\Visual Studio 2015\Projects\Aplicatie XLM BAC\Aplicatie XLM BAC\bin\Debug\2.xml este gol
24.04.2018 00:17:53: 321 a fost adaugat
24.04.2018 00:17:53: 3_2.xml --- a fost salvat
24.04.2018 00:17:53: A fost exportat fisierul copie in format HTML -> cu acelasi nume
24.04.2018 00:19:00: 333 a fost adaugat
24.04.2018 00:19:00: 3_2.xml --- a fost salvat
24.04.2018 00:19:00: A fost exportat fisierul copie in format HTML -> cu acelasi nume
24.04.2018 00:19:03: C:\Users\Sabin\Documents\Visual Studio 2015\Projects\Aplicatie XLM BAC\Aplicatie XLM BAC\bin\Debug\2.xml --- a fost salvat
24.04.2018 00:19:03: A fost exportat fisierul copie in format HTML -> cu acelasi nume
24.04.2018 00:19:08: A fost exportat fisierul copie in format HTML -> cu acelasi nume
24.04.2018 00:24:57: 

24.04.2018 00:24:57: Aplicatia a fost deschisa
24.04.2018 00:24:57: Versiunea aplicatiei:
24.04.2018 00:24:57: -------------------
24.04.2018 00:24:57: ------1.8.0.14------
24.04.2018 00:24:57: -------------------
24.04.2018 00:25:55: Fisierul C:\Users\Sabin\Documents\Visual Studio 2015\Projects\Aplicatie XLM BAC\Aplicatie XLM BAC\bin\Debug\2.xml a fost deschis
24.04.2018 00:26:44: 321 a fost adaugat
24.04.2018 00:26:44: 3_2.xml --- a fost salvat
24.04.2018 00:26:44: A fost exportat fisierul copie in format HTML -> cu acelasi nume
24.04.2018 00:27:03: 321a fost adaugat
24.04.2018 00:27:03: 3_2.xml --- a fost salvat
24.04.2018 00:27:03: A fost exportat fisierul copie in format HTML -> cu acelasi nume
24.04.2018 00:27:13: C:\Users\Sabin\Documents\Visual Studio 2015\Projects\Aplicatie XLM BAC\Aplicatie XLM BAC\bin\Debug\2.xml --- a fost salvat
24.04.2018 00:27:13: A fost exportat fisierul copie in format HTML -> cu acelasi nume
24.04.2018 00:27:14: C:\Users\Sabin\Documents\Visual Studio 2015\Projects\Aplicatie XLM BAC\Aplicatie XLM BAC\bin\Debug\2.xml --- a fost salvat
24.04.2018 00:27:14: A fost exportat fisierul copie in format HTML -> cu acelasi nume
24.04.2018 00:27:14: C:\Users\Sabin\Documents\Visual Studio 2015\Projects\Aplicatie XLM BAC\Aplicatie XLM BAC\bin\Debug\2.xml --- a fost salvat
24.04.2018 00:27:14: A fost exportat fisierul copie in format HTML -> cu acelasi nume
24.04.2018 00:27:14: C:\Users\Sabin\Documents\Visual Studio 2015\Projects\Aplicatie XLM BAC\Aplicatie XLM BAC\bin\Debug\2.xml --- a fost salvat
24.04.2018 00:27:14: A fost exportat fisierul copie in format HTML -> cu acelasi nume
24.04.2018 00:27:14: C:\Users\Sabin\Documents\Visual Studio 2015\Projects\Aplicatie XLM BAC\Aplicatie XLM BAC\bin\Debug\2.xml --- a fost salvat
24.04.2018 00:27:14: A fost exportat fisierul copie in format HTML -> cu acelasi nume
24.04.2018 00:27:15: C:\Users\Sabin\Documents\Visual Studio 2015\Projects\Aplicatie XLM BAC\Aplicatie XLM BAC\bin\Debug\2.xml --- a fost salvat
24.04.2018 00:27:15: A fost exportat fisierul copie in format HTML -> cu acelasi nume
24.04.2018 00:27:16: Aplicatia a fost inchisa
24.04.2018 00:30:28: 

24.04.2018 00:30:28: Aplicatia a fost deschisa
24.04.2018 00:30:28: Versiunea aplicatiei:
24.04.2018 00:30:28: -------------------
24.04.2018 00:30:28: ------1.8.0.14------
24.04.2018 00:30:28: -------------------
24.04.2018 00:30:49: oij a fost adaugat
24.04.2018 10:43:39: 

24.04.2018 10:43:39: Aplicatia a fost deschisa
24.04.2018 10:43:39: Versiunea aplicatiei:
24.04.2018 10:43:39: -------------------
24.04.2018 10:43:39: ------1.8.0.14------
24.04.2018 10:43:39: -------------------
24.04.2018 10:45:41: 

24.04.2018 10:45:41: Aplicatia a fost deschisa
24.04.2018 10:45:41: Versiunea aplicatiei:
24.04.2018 10:45:41: -------------------
24.04.2018 10:45:41: ------1.8.0.14------
24.04.2018 10:45:41: -------------------
24.04.2018 10:47:20: 

24.04.2018 10:47:20: Aplicatia a fost deschisa
24.04.2018 10:47:20: Versiunea aplicatiei:
24.04.2018 10:47:20: -------------------
24.04.2018 10:47:20: ------1.8.0.14------
24.04.2018 10:47:20: -------------------
24.04.2018 10:47:35: Fisierul C:\Users\Sabin\Documents\Visual Studio 2015\Projects\Aplicatie XLM BAC\Aplicatie XLM BAC\bin\Debug\5_43elevi.xml a fost deschis
24.04.2018 10:48:29: 

24.04.2018 10:48:29: Aplicatia a fost deschisa
24.04.2018 10:48:29: Versiunea aplicatiei:
24.04.2018 10:48:29: -------------------
24.04.2018 10:48:29: ------1.8.0.14------
24.04.2018 10:48:29: -------------------
24.04.2018 10:48:45: Fisierul C:\Users\Sabin\Documents\Visual Studio 2015\Projects\Aplicatie XLM BAC\Aplicatie XLM BAC\bin\Debug\5_43elevi.xml a fost deschis
24.04.2018 10:48:50: A fost exportat fisierul copie in format HTML -> cu acelasi nume
24.04.2018 10:48:50: Tabelul a fost exportat ca fisier HTML
01.05.2018 22:15:40: 

01.05.2018 22:15:40: Aplicatia a fost deschisa
01.05.2018 22:15:40: Versiunea aplicatiei:
01.05.2018 22:15:40: -------------------
01.05.2018 22:15:40: ------1.8.0.14------
01.05.2018 22:15:40: -------------------
01.05.2018 22:17:32: Aplicatia a fost inchisa
01.05.2018 22:18:36: 

01.05.2018 22:18:36: Aplicatia a fost deschisa
01.05.2018 22:18:36: Versiunea aplicatiei:
01.05.2018 22:18:36: -------------------
01.05.2018 22:18:36: ------1.8.0.14------
01.05.2018 22:18:36: -------------------
01.05.2018 22:18:55: Aplicatia a fost inchisa
01.05.2018 22:20:10: 

01.05.2018 22:20:10: Aplicatia a fost deschisa
01.05.2018 22:20:10: Versiunea aplicatiei:
01.05.2018 22:20:10: -------------------
01.05.2018 22:20:10: ------1.8.0.14------
01.05.2018 22:20:10: -------------------
01.05.2018 22:20:53: 

01.05.2018 22:20:53: Aplicatia a fost deschisa
01.05.2018 22:20:53: Versiunea aplicatiei:
01.05.2018 22:20:53: -------------------
01.05.2018 22:20:53: ------1.8.0.14------
01.05.2018 22:20:53: -------------------
01.05.2018 22:21:32: Fisierul C:\Users\Sabin\Documents\Visual Studio 2015\Projects\Aplicatie XLM BAC\Aplicatie XLM BAC\bin\Debug\1.xml a fost deschis
01.05.2018 22:21:54: A fost exportat fisierul copie in format HTML -> cu acelasi nume
01.05.2018 22:21:59: Tabelul a fost exportat ca fisier HTML
01.05.2018 22:22:05: Aplicatia a fost inchisa
01.05.2018 22:23:53: 

01.05.2018 22:23:53: Aplicatia a fost deschisa
01.05.2018 22:23:53: Versiunea aplicatiei:
01.05.2018 22:23:53: -------------------
01.05.2018 22:23:53: ------1.8.0.14------
01.05.2018 22:23:53: -------------------
01.05.2018 22:24:05: Fisierul C:\Users\Sabin\Documents\Visual Studio 2015\Projects\Aplicatie XLM BAC\Aplicatie XLM BAC\bin\Debug\3_2_123123123.xml a fost deschis
01.05.2018 22:24:09: A fost exportat fisierul copie in format HTML -> cu acelasi nume
01.05.2018 22:24:28: Tabelul a fost exportat ca fisier HTML
01.05.2018 22:25:54: 

01.05.2018 22:25:54: Aplicatia a fost deschisa
01.05.2018 22:25:54: Versiunea aplicatiei:
01.05.2018 22:25:54: -------------------
01.05.2018 22:25:54: ------1.8.0.14------
01.05.2018 22:25:54: -------------------
01.05.2018 22:25:59: Tabelul a fost exportat ca fisier HTML
01.05.2018 22:26:07: Fisierul C:\Users\Sabin\Documents\Visual Studio 2015\Projects\Aplicatie XLM BAC\Aplicatie XLM BAC\bin\Debug\1.xml a fost deschis
01.05.2018 22:26:12: A fost exportat fisierul copie in format HTML -> cu acelasi nume
01.05.2018 22:26:29: Tabelul a fost exportat ca fisier HTML
01.05.2018 22:28:18: 

01.05.2018 22:28:18: Aplicatia a fost deschisa
01.05.2018 22:28:18: Versiunea aplicatiei:
01.05.2018 22:28:18: -------------------
01.05.2018 22:28:18: ------1.8.0.14------
01.05.2018 22:28:18: -------------------
01.05.2018 22:28:25: Fisierul C:\Users\Sabin\Documents\Visual Studio 2015\Projects\Aplicatie XLM BAC\Aplicatie XLM BAC\bin\Debug\3_2_123123123.xml a fost deschis
01.05.2018 22:28:31: A fost exportat fisierul copie in format HTML -> cu acelasi nume
01.05.2018 22:29:21: Tabelul a fost exportat ca fisier HTML
01.05.2018 22:29:29: Fisierul C:\Users\Sabin\Documents\Visual Studio 2015\Projects\Aplicatie XLM BAC\Aplicatie XLM BAC\bin\Debug\5_43elevi.xml a fost deschis
01.05.2018 22:29:33: A fost exportat fisierul copie in format HTML -> cu acelasi nume
01.05.2018 22:30:15: Tabelul a fost exportat ca fisier HTML
01.05.2018 22:32:49: 

01.05.2018 22:32:49: Aplicatia a fost deschisa
01.05.2018 22:32:49: Versiunea aplicatiei:
01.05.2018 22:32:49: -------------------
01.05.2018 22:32:49: ------1.8.0.14------
01.05.2018 22:32:49: -------------------
01.05.2018 22:32:52: Tabelul a fost exportat ca fisier HTML
01.05.2018 22:41:52: 

01.05.2018 22:41:52: Aplicatia a fost deschisa
01.05.2018 22:41:52: Versiunea aplicatiei:
01.05.2018 22:41:52: -------------------
01.05.2018 22:41:52: ------1.8.0.14------
01.05.2018 22:41:52: -------------------
01.05.2018 22:42:47: 

01.05.2018 22:42:47: Aplicatia a fost deschisa
01.05.2018 22:42:47: Versiunea aplicatiei:
01.05.2018 22:42:47: -------------------
01.05.2018 22:42:47: ------1.8.0.14------
01.05.2018 22:42:47: -------------------
01.05.2018 22:43:25: 

01.05.2018 22:43:25: Aplicatia a fost deschisa
01.05.2018 22:43:25: Versiunea aplicatiei:
01.05.2018 22:43:25: -------------------
01.05.2018 22:43:25: ------1.8.0.14------
01.05.2018 22:43:25: -------------------
01.05.2018 22:43:32: Aplicatia a fost inchisa
01.05.2018 22:49:31: 

01.05.2018 22:49:31: Aplicatia a fost deschisa
01.05.2018 22:49:31: Versiunea aplicatiei:
01.05.2018 22:49:31: -------------------
01.05.2018 22:49:31: ------1.8.0.14------
01.05.2018 22:49:31: -------------------
01.05.2018 22:50:29: 

01.05.2018 22:50:29: Aplicatia a fost deschisa
01.05.2018 22:50:29: Versiunea aplicatiei:
01.05.2018 22:50:29: -------------------
01.05.2018 22:50:29: ------1.8.0.14------
01.05.2018 22:50:29: -------------------
01.05.2018 22:51:51: Aplicatia a fost inchisa
01.05.2018 22:52:05: 

01.05.2018 22:52:05: Aplicatia a fost deschisa
01.05.2018 22:52:05: Versiunea aplicatiei:
01.05.2018 22:52:06: -------------------
01.05.2018 22:52:06: ------1.8.0.14------
01.05.2018 22:52:06: -------------------
01.05.2018 22:52:21: 

01.05.2018 22:52:21: Aplicatia a fost deschisa
01.05.2018 22:52:21: Versiunea aplicatiei:
01.05.2018 22:52:21: -------------------
01.05.2018 22:52:21: ------1.8.0.14------
01.05.2018 22:52:21: -------------------
01.05.2018 22:52:41: Aplicatia a fost inchisa
01.05.2018 22:59:04: 

01.05.2018 22:59:04: Aplicatia a fost deschisa
01.05.2018 22:59:04: Versiunea aplicatiei:
01.05.2018 22:59:04: -------------------
01.05.2018 22:59:04: ------1.8.0.14------
01.05.2018 22:59:04: -------------------
01.05.2018 22:59:25: Aplicatia a fost inchisa
01.05.2018 23:08:01: 

01.05.2018 23:08:01: Aplicatia a fost deschisa
01.05.2018 23:08:01: Versiunea aplicatiei:
01.05.2018 23:08:01: -------------------
01.05.2018 23:08:01: ------1.8.0.14------
01.05.2018 23:08:01: -------------------
02.05.2018 20:35:41: 

02.05.2018 20:35:41: Aplicatia a fost deschisa
02.05.2018 20:35:41: Versiunea aplicatiei:
02.05.2018 20:35:41: -------------------
02.05.2018 20:35:41: ------1.8.0.14------
02.05.2018 20:35:41: -------------------
02.05.2018 20:35:55: Fisierul C:\Users\Sabin\Documents\Visual Studio 2015\Projects\Aplicatie XLM BAC\Aplicatie XLM BAC\bin\Debug\1.xml.xml a fost deschis
02.05.2018 20:36:21: 

02.05.2018 20:36:21: Aplicatia a fost deschisa
02.05.2018 20:36:21: Versiunea aplicatiei:
02.05.2018 20:36:21: -------------------
02.05.2018 20:36:21: ------1.8.0.14------
02.05.2018 20:36:21: -------------------
02.05.2018 20:36:32: Fisierul C:\Users\Sabin\Documents\Visual Studio 2015\Projects\Aplicatie XLM BAC\Aplicatie XLM BAC\bin\Debug\5_43elevi.xml a fost deschis
02.05.2018 20:37:38: 

02.05.2018 20:37:38: Aplicatia a fost deschisa
02.05.2018 20:37:38: Versiunea aplicatiei:
02.05.2018 20:37:38: -------------------
02.05.2018 20:37:38: ------1.8.0.14------
02.05.2018 20:37:38: -------------------
02.05.2018 20:37:44: Fisierul C:\Users\Sabin\Documents\Visual Studio 2015\Projects\Aplicatie XLM BAC\Aplicatie XLM BAC\bin\Debug\5_43elevi.xml a fost deschis
02.05.2018 20:39:45: 

02.05.2018 20:39:45: Aplicatia a fost deschisa
02.05.2018 20:39:45: Versiunea aplicatiei:
02.05.2018 20:39:45: -------------------
02.05.2018 20:39:45: ------1.8.0.14------
02.05.2018 20:39:45: -------------------
02.05.2018 20:39:52: Fisierul C:\Users\Sabin\Documents\Visual Studio 2015\Projects\Aplicatie XLM BAC\Aplicatie XLM BAC\bin\Debug\5_43elevi.xml a fost deschis
02.05.2018 20:40:17: Aplicatia a fost inchisa
02.05.2018 20:40:42: 

02.05.2018 20:40:42: Aplicatia a fost deschisa
02.05.2018 20:40:42: Versiunea aplicatiei:
02.05.2018 20:40:42: -------------------
02.05.2018 20:40:42: ------1.8.0.14------
02.05.2018 20:40:42: -------------------
02.05.2018 20:40:50: Fisierul C:\Users\Sabin\Documents\Visual Studio 2015\Projects\Aplicatie XLM BAC\Aplicatie XLM BAC\bin\Debug\5_43elevi.xml a fost deschis
02.05.2018 20:48:08: 

02.05.2018 20:48:08: Aplicatia a fost deschisa
02.05.2018 20:48:08: Versiunea aplicatiei:
02.05.2018 20:48:08: -------------------
02.05.2018 20:48:08: ------1.8.0.14------
02.05.2018 20:48:08: -------------------
02.05.2018 20:48:11: Aplicatia a fost inchisa
02.05.2018 21:42:58: 

02.05.2018 21:42:59: Aplicatia a fost deschisa
02.05.2018 21:42:59: Versiunea aplicatiei:
02.05.2018 21:42:59: -------------------
02.05.2018 21:42:59: ------1.8.0.14------
02.05.2018 21:42:59: -------------------
02.05.2018 21:44:03: Aplicatia a fost inchisa
02.05.2018 21:45:24: 

02.05.2018 21:45:24: Aplicatia a fost deschisa
02.05.2018 21:45:24: Versiunea aplicatiei:
02.05.2018 21:45:24: -------------------
02.05.2018 21:45:24: ------1.8.0.14------
02.05.2018 21:45:24: -------------------
02.05.2018 21:54:34: Aplicatia a fost inchisa
02.05.2018 21:54:36: 

02.05.2018 21:54:36: Aplicatia a fost deschisa
02.05.2018 21:54:37: Versiunea aplicatiei:
02.05.2018 21:54:37: -------------------
02.05.2018 21:54:37: ------1.8.0.14------
02.05.2018 21:54:37: -------------------
02.05.2018 21:54:42: 

02.05.2018 21:54:42: Aplicatia a fost deschisa
02.05.2018 21:54:42: Versiunea aplicatiei:
02.05.2018 21:54:42: -------------------
02.05.2018 21:54:42: ------1.8.0.14------
02.05.2018 21:54:42: -------------------
02.05.2018 22:13:44: 

02.05.2018 22:13:44: Aplicatia a fost deschisa
02.05.2018 22:13:44: Versiunea aplicatiei:
02.05.2018 22:13:44: -------------------
02.05.2018 22:13:44: ------1.8.0.14------
02.05.2018 22:13:44: -------------------
02.05.2018 22:55:34: 

02.05.2018 22:55:34: Aplicatia a fost deschisa
02.05.2018 22:55:34: Versiunea aplicatiei:
02.05.2018 22:55:34: -------------------
02.05.2018 22:55:34: ------1.8.0.14------
02.05.2018 22:55:34: -------------------
02.05.2018 23:09:14: 

02.05.2018 23:09:14: Aplicatia a fost deschisa
02.05.2018 23:09:14: Versiunea aplicatiei:
02.05.2018 23:09:14: -------------------
02.05.2018 23:09:14: ------1.8.0.14------
02.05.2018 23:09:14: -------------------
02.05.2018 23:24:23: 

02.05.2018 23:24:23: Aplicatia a fost deschisa
02.05.2018 23:24:23: Versiunea aplicatiei:
02.05.2018 23:24:23: -------------------
02.05.2018 23:24:23: ------1.8.0.14------
02.05.2018 23:24:23: -------------------
02.05.2018 23:25:03: 

02.05.2018 23:25:03: Aplicatia a fost deschisa
02.05.2018 23:25:03: Versiunea aplicatiei:
02.05.2018 23:25:03: -------------------
02.05.2018 23:25:03: ------1.8.0.14------
02.05.2018 23:25:03: -------------------
02.05.2018 23:25:15: Aplicatia a fost inchisa
03.05.2018 00:40:03: 

03.05.2018 00:40:03: Aplicatia a fost deschisa
03.05.2018 00:40:03: Versiunea aplicatiei:
03.05.2018 00:40:03: -------------------
03.05.2018 00:40:03: ------1.8.0.14------
03.05.2018 00:40:03: -------------------
03.05.2018 12:32:59: 

03.05.2018 12:32:59: Aplicatia a fost deschisa
03.05.2018 12:32:59: Versiunea aplicatiei:
03.05.2018 12:32:59: -------------------
03.05.2018 12:32:59: ------1.8.0.14------
03.05.2018 12:32:59: -------------------
03.05.2018 12:58:53: 

03.05.2018 12:58:53: Aplicatia a fost deschisa
03.05.2018 12:58:54: Versiunea aplicatiei:
03.05.2018 12:58:54: -------------------
03.05.2018 12:58:54: ------1.8.0.14------
03.05.2018 12:58:54: -------------------
03.05.2018 12:59:02: Fisierul C:\Users\Sabin\Documents\Visual Studio 2015\Projects\Aplicatie XLM BAC\Aplicatie XLM BAC\bin\Debug\5_43elevi.xml a fost deschis
03.05.2018 12:59:18: A fost exportat fisierul copie in format HTML -> cu acelasi nume
03.05.2018 12:59:22: Tabelul a fost exportat ca fisier HTML
07.05.2018 19:44:11: 

07.05.2018 19:44:11: Aplicatia a fost deschisa
07.05.2018 19:44:11: Versiunea aplicatiei:
07.05.2018 19:44:11: -------------------
07.05.2018 19:44:11: ------1.8.0.14------
07.05.2018 19:44:11: -------------------
07.05.2018 19:45:33: 

07.05.2018 19:45:33: Aplicatia a fost deschisa
07.05.2018 19:45:33: Versiunea aplicatiei:
07.05.2018 19:45:33: -------------------
07.05.2018 19:45:33: ------1.8.0.14------
07.05.2018 19:45:33: -------------------
07.05.2018 19:45:49: 

07.05.2018 19:45:49: Aplicatia a fost deschisa
07.05.2018 19:45:49: Versiunea aplicatiei:
07.05.2018 19:45:49: -------------------
07.05.2018 19:45:49: ------1.8.0.14------
07.05.2018 19:45:49: -------------------
07.05.2018 19:52:18: 

07.05.2018 19:52:18: Aplicatia a fost deschisa
07.05.2018 19:52:18: Versiunea aplicatiei:
07.05.2018 19:52:18: -------------------
07.05.2018 19:52:18: ------1.8.0.14------
07.05.2018 19:52:18: -------------------
07.05.2018 19:52:36: Aplicatia a fost inchisa
07.05.2018 20:18:52: 

07.05.2018 20:18:52: Aplicatia a fost deschisa
07.05.2018 20:18:52: Versiunea aplicatiei:
07.05.2018 20:18:52: -------------------
07.05.2018 20:18:52: ------1.8.0.14------
07.05.2018 20:18:52: -------------------
07.05.2018 20:19:18: Fisierul C:\Users\Sabin\Documents\Visual Studio 2015\Projects\Aplicatie XLM BAC\Aplicatie XLM BAC\bin\Debug\5_43elevi.xml a fost deschis
07.05.2018 20:32:54: 

07.05.2018 20:32:54: Aplicatia a fost deschisa
07.05.2018 20:32:54: Versiunea aplicatiei:
07.05.2018 20:32:54: -------------------
07.05.2018 20:32:54: ------1.8.0.14------
07.05.2018 20:32:54: -------------------
07.05.2018 20:33:21: Fisierul C:\Users\Sabin\Documents\Visual Studio 2015\Projects\Aplicatie XLM BAC\Aplicatie XLM BAC\bin\Debug\5_43elevi.xml a fost deschis
07.05.2018 20:33:25: Debugger dezactivat
07.05.2018 20:33:25: Debugger dezactivat
07.05.2018 20:33:58: Debugger dezactivat
07.05.2018 20:33:58: Debugger dezactivat
07.05.2018 20:35:24: Debugger dezactivat
07.05.2018 20:35:28: Debugger activat
07.05.2018 20:35:28: Debugger dezactivat
07.05.2018 20:35:30: Debugger dezactivat
07.05.2018 20:40:27: 

07.05.2018 20:40:27: Aplicatia a fost deschisa
07.05.2018 20:40:27: Versiunea aplicatiei:
07.05.2018 20:40:27: -------------------
07.05.2018 20:40:27: ------1.8.0.14------
07.05.2018 20:40:27: -------------------
07.05.2018 20:40:31: Aplicatia a fost inchisa
07.05.2018 20:53:23: 

07.05.2018 20:53:23: Aplicatia a fost deschisa
07.05.2018 20:53:23: Versiunea aplicatiei:
07.05.2018 20:53:23: -------------------
07.05.2018 20:53:23: ------1.8.0.14------
07.05.2018 20:53:23: -------------------
07.05.2018 20:57:25: 

07.05.2018 20:57:25: Aplicatia a fost deschisa
07.05.2018 20:57:25: Versiunea aplicatiei:
07.05.2018 20:57:25: -------------------
07.05.2018 20:57:25: ------1.8.0.14------
07.05.2018 20:57:25: -------------------
07.05.2018 21:02:45: 

07.05.2018 21:02:45: Aplicatia a fost deschisa
07.05.2018 21:02:45: Versiunea aplicatiei:
07.05.2018 21:02:45: -------------------
07.05.2018 21:02:45: ------1.8.0.14------
07.05.2018 21:02:45: -------------------
07.05.2018 21:03:04: Aplicatia a fost inchisa
07.05.2018 21:03:56: 

07.05.2018 21:03:56: Aplicatia a fost deschisa
07.05.2018 21:03:56: Versiunea aplicatiei:
07.05.2018 21:03:56: -------------------
07.05.2018 21:03:56: ------1.8.0.14------
07.05.2018 21:03:56: -------------------
07.05.2018 21:04:38: 

07.05.2018 21:04:38: Aplicatia a fost deschisa
07.05.2018 21:04:38: Versiunea aplicatiei:
07.05.2018 21:04:39: -------------------
07.05.2018 21:04:39: ------1.8.0.14------
07.05.2018 21:04:39: -------------------
07.05.2018 21:05:49: 

07.05.2018 21:05:49: Aplicatia a fost deschisa
07.05.2018 21:05:49: Versiunea aplicatiei:
07.05.2018 21:05:49: -------------------
07.05.2018 21:05:49: ------1.8.0.14------
07.05.2018 21:05:49: -------------------
07.05.2018 21:05:52: Debugger activat
07.05.2018 21:05:54: Debugger activat
07.05.2018 21:05:55: Debugger activat
07.05.2018 21:05:57: Debugger activat
07.05.2018 21:28:24: 

07.05.2018 21:28:24: Aplicatia a fost deschisa
07.05.2018 21:28:25: Versiunea aplicatiei:
07.05.2018 21:28:25: -------------------
07.05.2018 21:28:25: ------1.8.0.14------
07.05.2018 21:28:25: -------------------
07.05.2018 21:28:29: Debugger activat
07.05.2018 21:28:29: Debugger dezactivat
07.05.2018 21:35:14: Debugger dezactivat
07.05.2018 22:03:02: Debugger dezactivat
07.05.2018 22:03:07: Pup-ups dezactivate
07.05.2018 22:03:07: Pup-ups activate
07.05.2018 22:03:08: Pup-ups activate
07.05.2018 22:03:08: Pup-ups dezactivate
07.05.2018 22:03:18: Fisierul C:\Users\Sabin\Documents\Visual Studio 2015\Projects\Aplicatie XLM BAC\Aplicatie XLM BAC\bin\Debug\5_43elevi.xml a fost deschis
08.05.2018 22:05:35: 

08.05.2018 22:05:35: Aplicatia a fost deschisa
08.05.2018 22:05:35: Versiunea aplicatiei:
08.05.2018 22:05:35: -------------------
08.05.2018 22:05:35: ------2.1.5.35------
08.05.2018 22:05:35: -------------------
11.05.2018 09:34:59: 

11.05.2018 09:34:59: Aplicatia a fost deschisa
11.05.2018 09:34:59: Versiunea aplicatiei:
11.05.2018 09:34:59: -------------------
11.05.2018 09:34:59: ------2.1.5.35------
11.05.2018 09:34:59: -------------------
11.05.2018 09:35:15: Aplicatia a fost inchisa
11.05.2018 09:45:54: 

11.05.2018 09:45:54: Aplicatia a fost deschisa
11.05.2018 09:45:55: Versiunea aplicatiei:
11.05.2018 09:45:55: -------------------
11.05.2018 09:45:55: ------2.1.5.35------
11.05.2018 09:45:55: -------------------
11.05.2018 09:46:13: Pup-ups activate
11.05.2018 09:46:13: Pup-ups dezactivate
11.05.2018 09:46:36: Aplicatia a fost inchisa
11.05.2018 09:47:07: 

11.05.2018 09:47:07: Aplicatia a fost deschisa
11.05.2018 09:47:07: Versiunea aplicatiei:
11.05.2018 09:47:07: -------------------
11.05.2018 09:47:07: ------2.1.5.35------
11.05.2018 09:47:07: -------------------
11.05.2018 09:50:12: 

11.05.2018 09:50:12: Aplicatia a fost deschisa
11.05.2018 09:50:12: Versiunea aplicatiei:
11.05.2018 09:50:12: -------------------
11.05.2018 09:50:12: ------2.1.5.35------
11.05.2018 09:50:12: -------------------
11.05.2018 09:50:16: Pup-ups activate
11.05.2018 09:50:16: Pup-ups dezactivate
11.05.2018 09:50:18: Pup-ups dezactivate
11.05.2018 09:50:18: Pup-ups activate
11.05.2018 10:15:35: 

11.05.2018 10:15:35: Aplicatia a fost deschisa
11.05.2018 10:15:35: Versiunea aplicatiei:
11.05.2018 10:15:35: -------------------
11.05.2018 10:15:35: ------2.1.5.35------
11.05.2018 10:15:35: -------------------
11.05.2018 10:15:40: Aplicatia a fost inchisa
11.05.2018 10:18:54: 

11.05.2018 10:18:54: Aplicatia a fost deschisa
11.05.2018 10:18:54: Versiunea aplicatiei:
11.05.2018 10:18:54: -------------------
11.05.2018 10:18:54: ------2.1.5.35------
11.05.2018 10:18:54: -------------------
11.05.2018 10:19:12: u a fost adaugat
11.05.2018 10:19:21: Aplicatia a fost inchisa
11.05.2018 10:22:13: 

11.05.2018 10:22:13: Aplicatia a fost deschisa
11.05.2018 10:22:13: Versiunea aplicatiei:
11.05.2018 10:22:13: -------------------
11.05.2018 10:22:13: ------2.1.5.35------
11.05.2018 10:22:13: -------------------
11.05.2018 10:22:23: Fisierul C:\Users\Sabin\Documents\Visual Studio 2015\Projects\Aplicatie XLM BAC\Aplicatie XLM BAC\bin\Debug\5_43elevi.xml a fost deschis
11.05.2018 11:28:16: 

11.05.2018 11:28:16: Aplicatia a fost deschisa
11.05.2018 11:28:16: Versiunea aplicatiei:
11.05.2018 11:28:16: -------------------
11.05.2018 11:28:16: ------2.1.5.35------
11.05.2018 11:28:16: -------------------
11.05.2018 11:42:14: Aplicatia a fost inchisa
11.05.2018 12:52:37: 

11.05.2018 12:52:37: Aplicatia a fost deschisa
11.05.2018 12:52:37: Versiunea aplicatiei:
11.05.2018 12:52:37: -------------------
11.05.2018 12:52:37: ------2.1.5.35------
11.05.2018 12:52:37: -------------------
11.05.2018 12:52:41: Aplicatia a fost inchisa
